mode: set
gitlab.tooling.cloudgouv-eu-west-1.numspot.internal/platform-iac/clamav-operator/api/v1alpha1/clusterscan_types.go:174.13,176.2 1 0
gitlab.tooling.cloudgouv-eu-west-1.numspot.internal/platform-iac/clamav-operator/api/v1alpha1/clusterscan_webhook.go:33.71,37.2 1 0
gitlab.tooling.cloudgouv-eu-west-1.numspot.internal/platform-iac/clamav-operator/api/v1alpha1/clusterscan_webhook.go:44.68,47.53 2 0
gitlab.tooling.cloudgouv-eu-west-1.numspot.internal/platform-iac/clamav-operator/api/v1alpha1/clusterscan_webhook.go:47.53,49.3 1 0
gitlab.tooling.cloudgouv-eu-west-1.numspot.internal/platform-iac/clamav-operator/api/v1alpha1/clusterscan_webhook.go:51.2,51.17 1 0
gitlab.tooling.cloudgouv-eu-west-1.numspot.internal/platform-iac/clamav-operator/api/v1alpha1/clusterscan_webhook.go:55.86,58.53 2 0
gitlab.tooling.cloudgouv-eu-west-1.numspot.internal/platform-iac/clamav-operator/api/v1alpha1/clusterscan_webhook.go:58.53,60.3 1 0
gitlab.tooling.cloudgouv-eu-west-1.numspot.internal/platform-iac/clamav-operator/api/v1alpha1/clusterscan_webhook.go:62.2,62.17 1 0
gitlab.tooling.cloudgouv-eu-west-1.numspot.internal/platform-iac/clamav-operator/api/v1alpha1/clusterscan_webhook.go:66.68,71.2 2 0
gitlab.tooling.cloudgouv-eu-west-1.numspot.internal/platform-iac/clamav-operator/api/v1alpha1/nodescan_types.go:203.13,205.2 1 0
gitlab.tooling.cloudgouv-eu-west-1.numspot.internal/platform-iac/clamav-operator/api/v1alpha1/nodescan_webhook.go:33.68,37.2 1 0
gitlab.tooling.cloudgouv-eu-west-1.numspot.internal/platform-iac/clamav-operator/api/v1alpha1/nodescan_webhook.go:44.65,47.27 2 0
gitlab.tooling.cloudgouv-eu-west-1.numspot.internal/platform-iac/clamav-operator/api/v1alpha1/nodescan_webhook.go:47.27,49.3 1 0
gitlab.tooling.cloudgouv-eu-west-1.numspot.internal/platform-iac/clamav-operator/api/v1alpha1/nodescan_webhook.go:51.2,51.59 1 0
gitlab.tooling.cloudgouv-eu-west-1.numspot.internal/platform-iac/clamav-operator/api/v1alpha1/nodescan_webhook.go:51.59,53.3 1 0
gitlab.tooling.cloudgouv-eu-west-1.numspot.internal/platform-iac/clamav-operator/api/v1alpha1/nodescan_webhook.go:55.2,55.58 1 0
gitlab.tooling.cloudgouv-eu-west-1.numspot.internal/platform-iac/clamav-operator/api/v1alpha1/nodescan_webhook.go:55.58,57.3 1 0
gitlab.tooling.cloudgouv-eu-west-1.numspot.internal/platform-iac/clamav-operator/api/v1alpha1/nodescan_webhook.go:59.2,59.55 1 0
gitlab.tooling.cloudgouv-eu-west-1.numspot.internal/platform-iac/clamav-operator/api/v1alpha1/nodescan_webhook.go:59.55,61.3 1 0
gitlab.tooling.cloudgouv-eu-west-1.numspot.internal/platform-iac/clamav-operator/api/v1alpha1/nodescan_webhook.go:63.2,63.17 1 0
gitlab.tooling.cloudgouv-eu-west-1.numspot.internal/platform-iac/clamav-operator/api/v1alpha1/nodescan_webhook.go:67.83,73.50 3 0
gitlab.tooling.cloudgouv-eu-west-1.numspot.internal/platform-iac/clamav-operator/api/v1alpha1/nodescan_webhook.go:73.50,75.3 1 0
gitlab.tooling.cloudgouv-eu-west-1.numspot.internal/platform-iac/clamav-operator/api/v1alpha1/nodescan_webhook.go:78.2,78.59 1 0
gitlab.tooling.cloudgouv-eu-west-1.numspot.internal/platform-iac/clamav-operator/api/v1alpha1/nodescan_webhook.go:78.59,80.3 1 0
gitlab.tooling.cloudgouv-eu-west-1.numspot.internal/platform-iac/clamav-operator/api/v1alpha1/nodescan_webhook.go:82.2,82.17 1 0
gitlab.tooling.cloudgouv-eu-west-1.numspot.internal/platform-iac/clamav-operator/api/v1alpha1/nodescan_webhook.go:86.65,91.2 2 0
gitlab.tooling.cloudgouv-eu-west-1.numspot.internal/platform-iac/clamav-operator/api/v1alpha1/scanpolicy_types.go:218.13,220.2 1 0
gitlab.tooling.cloudgouv-eu-west-1.numspot.internal/platform-iac/clamav-operator/api/v1alpha1/scanschedule_types.go:122.13,124.2 1 0
gitlab.tooling.cloudgouv-eu-west-1.numspot.internal/platform-iac/clamav-operator/api/v1alpha1/zz_generated.deepcopy.go:30.55,36.2 5 0
gitlab.tooling.cloudgouv-eu-west-1.numspot.internal/platform-iac/clamav-operator/api/v1alpha1/zz_generated.deepcopy.go:39.48,40.15 1 0
gitlab.tooling.cloudgouv-eu-west-1.numspot.internal/platform-iac/clamav-operator/api/v1alpha1/zz_generated.deepcopy.go:40.15,42.3 1 0
gitlab.tooling.cloudgouv-eu-west-1.numspot.internal/platform-iac/clamav-operator/api/v1alpha1/zz_generated.deepcopy.go:43.2,45.12 3 0
gitlab.tooling.cloudgouv-eu-west-1.numspot.internal/platform-iac/clamav-operator/api/v1alpha1/zz_generated.deepcopy.go:49.56,50.34 1 0
gitlab.tooling.cloudgouv-eu-west-1.numspot.internal/platform-iac/clamav-operator/api/v1alpha1/zz_generated.deepcopy.go:50.34,52.3 1 0
gitlab.tooling.cloudgouv-eu-west-1.numspot.internal/platform-iac/clamav-operator/api/v1alpha1/zz_generated.deepcopy.go:53.2,53.12 1 0
gitlab.tooling.cloudgouv-eu-west-1.numspot.internal/platform-iac/clamav-operator/api/v1alpha1/zz_generated.deepcopy.go:57.63,61.21 4 0
gitlab.tooling.cloudgouv-eu-west-1.numspot.internal/platform-iac/clamav-operator/api/v1alpha1/zz_generated.deepcopy.go:61.21,64.22 3 0
gitlab.tooling.cloudgouv-eu-west-1.numspot.internal/platform-iac/clamav-operator/api/v1alpha1/zz_generated.deepcopy.go:64.22,66.4 1 0
gitlab.tooling.cloudgouv-eu-west-1.numspot.internal/platform-iac/clamav-operator/api/v1alpha1/zz_generated.deepcopy.go:71.56,72.15 1 0
gitlab.tooling.cloudgouv-eu-west-1.numspot.internal/platform-iac/clamav-operator/api/v1alpha1/zz_generated.deepcopy.go:72.15,74.3 1 0
gitlab.tooling.cloudgouv-eu-west-1.numspot.internal/platform-iac/clamav-operator/api/v1alpha1/zz_generated.deepcopy.go:75.2,77.12 3 0
gitlab.tooling.cloudgouv-eu-west-1.numspot.internal/platform-iac/clamav-operator/api/v1alpha1/zz_generated.deepcopy.go:81.60,82.34 1 0
gitlab.tooling.cloudgouv-eu-west-1.numspot.internal/platform-iac/clamav-operator/api/v1alpha1/zz_generated.deepcopy.go:82.34,84.3 1 0
gitlab.tooling.cloudgouv-eu-west-1.numspot.internal/platform-iac/clamav-operator/api/v1alpha1/zz_generated.deepcopy.go:85.2,85.12 1 0
gitlab.tooling.cloudgouv-eu-west-1.numspot.internal/platform-iac/clamav-operator/api/v1alpha1/zz_generated.deepcopy.go:89.63,91.28 2 0
gitlab.tooling.cloudgouv-eu-west-1.numspot.internal/platform-iac/clamav-operator/api/v1alpha1/zz_generated.deepcopy.go:91.28,95.3 3 0
gitlab.tooling.cloudgouv-eu-west-1.numspot.internal/platform-iac/clamav-operator/api/v1alpha1/zz_generated.deepcopy.go:96.2,96.32 1 0
gitlab.tooling.cloudgouv-eu-west-1.numspot.internal/platform-iac/clamav-operator/api/v1alpha1/zz_generated.deepcopy.go:96.32,100.3 3 0
gitlab.tooling.cloudgouv-eu-west-1.numspot.internal/platform-iac/clamav-operator/api/v1alpha1/zz_generated.deepcopy.go:104.56,105.15 1 0
gitlab.tooling.cloudgouv-eu-west-1.numspot.internal/platform-iac/clamav-operator/api/v1alpha1/zz_generated.deepcopy.go:105.15,107.3 1 0
gitlab.tooling.cloudgouv-eu-west-1.numspot.internal/platform-iac/clamav-operator/api/v1alpha1/zz_generated.deepcopy.go:108.2,110.12 3 0
gitlab.tooling.cloudgouv-eu-west-1.numspot.internal/platform-iac/clamav-operator/api/v1alpha1/zz_generated.deepcopy.go:114.67,116.25 2 0
gitlab.tooling.cloudgouv-eu-west-1.numspot.internal/platform-iac/clamav-operator/api/v1alpha1/zz_generated.deepcopy.go:116.25,119.3 2 0
gitlab.tooling.cloudgouv-eu-west-1.numspot.internal/platform-iac/clamav-operator/api/v1alpha1/zz_generated.deepcopy.go:120.2,120.30 1 0
gitlab.tooling.cloudgouv-eu-west-1.numspot.internal/platform-iac/clamav-operator/api/v1alpha1/zz_generated.deepcopy.go:120.30,123.3 2 0
gitlab.tooling.cloudgouv-eu-west-1.numspot.internal/platform-iac/clamav-operator/api/v1alpha1/zz_generated.deepcopy.go:124.2,124.25 1 0
gitlab.tooling.cloudgouv-eu-west-1.numspot.internal/platform-iac/clamav-operator/api/v1alpha1/zz_generated.deepcopy.go:124.25,127.22 3 0
gitlab.tooling.cloudgouv-eu-west-1.numspot.internal/platform-iac/clamav-operator/api/v1alpha1/zz_generated.deepcopy.go:127.22,129.4 1 0
gitlab.tooling.cloudgouv-eu-west-1.numspot.internal/platform-iac/clamav-operator/api/v1alpha1/zz_generated.deepcopy.go:131.2,131.26 1 0
gitlab.tooling.cloudgouv-eu-west-1.numspot.internal/platform-iac/clamav-operator/api/v1alpha1/zz_generated.deepcopy.go:131.26,134.22 3 0
gitlab.tooling.cloudgouv-eu-west-1.numspot.internal/platform-iac/clamav-operator/api/v1alpha1/zz_generated.deepcopy.go:134.22,136.4 1 0
gitlab.tooling.cloudgouv-eu-west-1.numspot.internal/platform-iac/clamav-operator/api/v1alpha1/zz_generated.deepcopy.go:141.60,142.15 1 0
gitlab.tooling.cloudgouv-eu-west-1.numspot.internal/platform-iac/clamav-operator/api/v1alpha1/zz_generated.deepcopy.go:142.15,144.3 1 0
gitlab.tooling.cloudgouv-eu-west-1.numspot.internal/platform-iac/clamav-operator/api/v1alpha1/zz_generated.deepcopy.go:145.2,147.12 3 0
gitlab.tooling.cloudgouv-eu-west-1.numspot.internal/platform-iac/clamav-operator/api/v1alpha1/zz_generated.deepcopy.go:151.55,153.33 2 0
gitlab.tooling.cloudgouv-eu-west-1.numspot.internal/platform-iac/clamav-operator/api/v1alpha1/zz_generated.deepcopy.go:153.33,157.3 3 0
gitlab.tooling.cloudgouv-eu-west-1.numspot.internal/platform-iac/clamav-operator/api/v1alpha1/zz_generated.deepcopy.go:158.2,158.26 1 0
gitlab.tooling.cloudgouv-eu-west-1.numspot.internal/platform-iac/clamav-operator/api/v1alpha1/zz_generated.deepcopy.go:158.26,162.3 3 0
gitlab.tooling.cloudgouv-eu-west-1.numspot.internal/platform-iac/clamav-operator/api/v1alpha1/zz_generated.deepcopy.go:166.48,167.15 1 0
gitlab.tooling.cloudgouv-eu-west-1.numspot.internal/platform-iac/clamav-operator/api/v1alpha1/zz_generated.deepcopy.go:167.15,169.3 1 0
gitlab.tooling.cloudgouv-eu-west-1.numspot.internal/platform-iac/clamav-operator/api/v1alpha1/zz_generated.deepcopy.go:170.2,172.12 3 0
gitlab.tooling.cloudgouv-eu-west-1.numspot.internal/platform-iac/clamav-operator/api/v1alpha1/zz_generated.deepcopy.go:176.57,178.23 2 0
gitlab.tooling.cloudgouv-eu-west-1.numspot.internal/platform-iac/clamav-operator/api/v1alpha1/zz_generated.deepcopy.go:178.23,182.3 3 0
gitlab.tooling.cloudgouv-eu-west-1.numspot.internal/platform-iac/clamav-operator/api/v1alpha1/zz_generated.deepcopy.go:183.2,183.45 1 0
gitlab.tooling.cloudgouv-eu-west-1.numspot.internal/platform-iac/clamav-operator/api/v1alpha1/zz_generated.deepcopy.go:187.50,188.15 1 0
gitlab.tooling.cloudgouv-eu-west-1.numspot.internal/platform-iac/clamav-operator/api/v1alpha1/zz_generated.deepcopy.go:188.15,190.3 1 0
gitlab.tooling.cloudgouv-eu-west-1.numspot.internal/platform-iac/clamav-operator/api/v1alpha1/zz_generated.deepcopy.go:191.2,193.12 3 0
gitlab.tooling.cloudgouv-eu-west-1.numspot.internal/platform-iac/clamav-operator/api/v1alpha1/zz_generated.deepcopy.go:197.49,203.2 5 0
gitlab.tooling.cloudgouv-eu-west-1.numspot.internal/platform-iac/clamav-operator/api/v1alpha1/zz_generated.deepcopy.go:206.42,207.15 1 0
gitlab.tooling.cloudgouv-eu-west-1.numspot.internal/platform-iac/clamav-operator/api/v1alpha1/zz_generated.deepcopy.go:207.15,209.3 1 0
gitlab.tooling.cloudgouv-eu-west-1.numspot.internal/platform-iac/clamav-operator/api/v1alpha1/zz_generated.deepcopy.go:210.2,212.12 3 0
gitlab.tooling.cloudgouv-eu-west-1.numspot.internal/platform-iac/clamav-operator/api/v1alpha1/zz_generated.deepcopy.go:216.53,217.34 1 0
gitlab.tooling.cloudgouv-eu-west-1.numspot.internal/platform-iac/clamav-operator/api/v1alpha1/zz_generated.deepcopy.go:217.34,219.3 1 0
gitlab.tooling.cloudgouv-eu-west-1.numspot.internal/platform-iac/clamav-operator/api/v1alpha1/zz_generated.deepcopy.go:220.2,220.12 1 0
gitlab.tooling.cloudgouv-eu-west-1.numspot.internal/platform-iac/clamav-operator/api/v1alpha1/zz_generated.deepcopy.go:224.57,228.21 4 0
gitlab.tooling.cloudgouv-eu-west-1.numspot.internal/platform-iac/clamav-operator/api/v1alpha1/zz_generated.deepcopy.go:228.21,231.22 3 0
gitlab.tooling.cloudgouv-eu-west-1.numspot.internal/platform-iac/clamav-operator/api/v1alpha1/zz_generated.deepcopy.go:231.22,233.4 1 0
gitlab.tooling.cloudgouv-eu-west-1.numspot.internal/platform-iac/clamav-operator/api/v1alpha1/zz_generated.deepcopy.go:238.50,239.15 1 0
gitlab.tooling.cloudgouv-eu-west-1.numspot.internal/platform-iac/clamav-operator/api/v1alpha1/zz_generated.deepcopy.go:239.15,241.3 1 0
gitlab.tooling.cloudgouv-eu-west-1.numspot.internal/platform-iac/clamav-operator/api/v1alpha1/zz_generated.deepcopy.go:242.2,244.12 3 0
gitlab.tooling.cloudgouv-eu-west-1.numspot.internal/platform-iac/clamav-operator/api/v1alpha1/zz_generated.deepcopy.go:248.57,249.34 1 0
gitlab.tooling.cloudgouv-eu-west-1.numspot.internal/platform-iac/clamav-operator/api/v1alpha1/zz_generated.deepcopy.go:249.34,251.3 1 0
gitlab.tooling.cloudgouv-eu-west-1.numspot.internal/platform-iac/clamav-operator/api/v1alpha1/zz_generated.deepcopy.go:252.2,252.12 1 0
gitlab.tooling.cloudgouv-eu-west-1.numspot.internal/platform-iac/clamav-operator/api/v1alpha1/zz_generated.deepcopy.go:256.67,258.25 2 0
gitlab.tooling.cloudgouv-eu-west-1.numspot.internal/platform-iac/clamav-operator/api/v1alpha1/zz_generated.deepcopy.go:258.25,261.3 2 0
gitlab.tooling.cloudgouv-eu-west-1.numspot.internal/platform-iac/clamav-operator/api/v1alpha1/zz_generated.deepcopy.go:262.2,262.30 1 0
gitlab.tooling.cloudgouv-eu-west-1.numspot.internal/platform-iac/clamav-operator/api/v1alpha1/zz_generated.deepcopy.go:262.30,265.3 2 0
gitlab.tooling.cloudgouv-eu-west-1.numspot.internal/platform-iac/clamav-operator/api/v1alpha1/zz_generated.deepcopy.go:269.60,270.15 1 0
gitlab.tooling.cloudgouv-eu-west-1.numspot.internal/platform-iac/clamav-operator/api/v1alpha1/zz_generated.deepcopy.go:270.15,272.3 1 0
gitlab.tooling.cloudgouv-eu-west-1.numspot.internal/platform-iac/clamav-operator/api/v1alpha1/zz_generated.deepcopy.go:273.2,275.12 3 0
gitlab.tooling.cloudgouv-eu-west-1.numspot.internal/platform-iac/clamav-operator/api/v1alpha1/zz_generated.deepcopy.go:279.57,281.21 2 0
gitlab.tooling.cloudgouv-eu-west-1.numspot.internal/platform-iac/clamav-operator/api/v1alpha1/zz_generated.deepcopy.go:281.21,285.3 3 0
gitlab.tooling.cloudgouv-eu-west-1.numspot.internal/platform-iac/clamav-operator/api/v1alpha1/zz_generated.deepcopy.go:286.2,286.31 1 0
gitlab.tooling.cloudgouv-eu-west-1.numspot.internal/platform-iac/clamav-operator/api/v1alpha1/zz_generated.deepcopy.go:286.31,290.3 3 0
gitlab.tooling.cloudgouv-eu-west-1.numspot.internal/platform-iac/clamav-operator/api/v1alpha1/zz_generated.deepcopy.go:291.2,291.25 1 0
gitlab.tooling.cloudgouv-eu-west-1.numspot.internal/platform-iac/clamav-operator/api/v1alpha1/zz_generated.deepcopy.go:291.25,295.3 3 0
gitlab.tooling.cloudgouv-eu-west-1.numspot.internal/platform-iac/clamav-operator/api/v1alpha1/zz_generated.deepcopy.go:296.2,296.39 1 0
gitlab.tooling.cloudgouv-eu-west-1.numspot.internal/platform-iac/clamav-operator/api/v1alpha1/zz_generated.deepcopy.go:296.39,300.3 3 0
gitlab.tooling.cloudgouv-eu-west-1.numspot.internal/platform-iac/clamav-operator/api/v1alpha1/zz_generated.deepcopy.go:304.50,305.15 1 0
gitlab.tooling.cloudgouv-eu-west-1.numspot.internal/platform-iac/clamav-operator/api/v1alpha1/zz_generated.deepcopy.go:305.15,307.3 1 0
gitlab.tooling.cloudgouv-eu-west-1.numspot.internal/platform-iac/clamav-operator/api/v1alpha1/zz_generated.deepcopy.go:308.2,310.12 3 0
gitlab.tooling.cloudgouv-eu-west-1.numspot.internal/platform-iac/clamav-operator/api/v1alpha1/zz_generated.deepcopy.go:314.61,316.25 2 0
gitlab.tooling.cloudgouv-eu-west-1.numspot.internal/platform-iac/clamav-operator/api/v1alpha1/zz_generated.deepcopy.go:316.25,319.3 2 0
gitlab.tooling.cloudgouv-eu-west-1.numspot.internal/platform-iac/clamav-operator/api/v1alpha1/zz_generated.deepcopy.go:320.2,320.30 1 0
gitlab.tooling.cloudgouv-eu-west-1.numspot.internal/platform-iac/clamav-operator/api/v1alpha1/zz_generated.deepcopy.go:320.30,323.3 2 0
gitlab.tooling.cloudgouv-eu-west-1.numspot.internal/platform-iac/clamav-operator/api/v1alpha1/zz_generated.deepcopy.go:324.2,324.29 1 0
gitlab.tooling.cloudgouv-eu-west-1.numspot.internal/platform-iac/clamav-operator/api/v1alpha1/zz_generated.deepcopy.go:324.29,327.22 3 0
gitlab.tooling.cloudgouv-eu-west-1.numspot.internal/platform-iac/clamav-operator/api/v1alpha1/zz_generated.deepcopy.go:327.22,329.4 1 0
gitlab.tooling.cloudgouv-eu-west-1.numspot.internal/platform-iac/clamav-operator/api/v1alpha1/zz_generated.deepcopy.go:331.2,331.22 1 0
gitlab.tooling.cloudgouv-eu-west-1.numspot.internal/platform-iac/clamav-operator/api/v1alpha1/zz_generated.deepcopy.go:331.22,335.3 3 0
gitlab.tooling.cloudgouv-eu-west-1.numspot.internal/platform-iac/clamav-operator/api/v1alpha1/zz_generated.deepcopy.go:336.2,336.26 1 0
gitlab.tooling.cloudgouv-eu-west-1.numspot.internal/platform-iac/clamav-operator/api/v1alpha1/zz_generated.deepcopy.go:336.26,339.22 3 0
gitlab.tooling.cloudgouv-eu-west-1.numspot.internal/platform-iac/clamav-operator/api/v1alpha1/zz_generated.deepcopy.go:339.22,341.4 1 0
gitlab.tooling.cloudgouv-eu-west-1.numspot.internal/platform-iac/clamav-operator/api/v1alpha1/zz_generated.deepcopy.go:343.2,343.34 1 0
gitlab.tooling.cloudgouv-eu-west-1.numspot.internal/platform-iac/clamav-operator/api/v1alpha1/zz_generated.deepcopy.go:343.34,346.3 2 0
gitlab.tooling.cloudgouv-eu-west-1.numspot.internal/platform-iac/clamav-operator/api/v1alpha1/zz_generated.deepcopy.go:350.54,351.15 1 0
gitlab.tooling.cloudgouv-eu-west-1.numspot.internal/platform-iac/clamav-operator/api/v1alpha1/zz_generated.deepcopy.go:351.15,353.3 1 0
gitlab.tooling.cloudgouv-eu-west-1.numspot.internal/platform-iac/clamav-operator/api/v1alpha1/zz_generated.deepcopy.go:354.2,356.12 3 0
gitlab.tooling.cloudgouv-eu-west-1.numspot.internal/platform-iac/clamav-operator/api/v1alpha1/zz_generated.deepcopy.go:360.69,362.21 2 0
gitlab.tooling.cloudgouv-eu-west-1.numspot.internal/platform-iac/clamav-operator/api/v1alpha1/zz_generated.deepcopy.go:362.21,366.3 3 0
gitlab.tooling.cloudgouv-eu-west-1.numspot.internal/platform-iac/clamav-operator/api/v1alpha1/zz_generated.deepcopy.go:367.2,367.21 1 0
gitlab.tooling.cloudgouv-eu-west-1.numspot.internal/platform-iac/clamav-operator/api/v1alpha1/zz_generated.deepcopy.go:367.21,371.3 3 0
gitlab.tooling.cloudgouv-eu-west-1.numspot.internal/platform-iac/clamav-operator/api/v1alpha1/zz_generated.deepcopy.go:372.2,372.23 1 0
gitlab.tooling.cloudgouv-eu-west-1.numspot.internal/platform-iac/clamav-operator/api/v1alpha1/zz_generated.deepcopy.go:372.23,376.3 3 0
gitlab.tooling.cloudgouv-eu-west-1.numspot.internal/platform-iac/clamav-operator/api/v1alpha1/zz_generated.deepcopy.go:380.62,381.15 1 0
gitlab.tooling.cloudgouv-eu-west-1.numspot.internal/platform-iac/clamav-operator/api/v1alpha1/zz_generated.deepcopy.go:381.15,383.3 1 0
gitlab.tooling.cloudgouv-eu-west-1.numspot.internal/platform-iac/clamav-operator/api/v1alpha1/zz_generated.deepcopy.go:384.2,386.12 3 0
gitlab.tooling.cloudgouv-eu-west-1.numspot.internal/platform-iac/clamav-operator/api/v1alpha1/zz_generated.deepcopy.go:390.65,392.2 1 0
gitlab.tooling.cloudgouv-eu-west-1.numspot.internal/platform-iac/clamav-operator/api/v1alpha1/zz_generated.deepcopy.go:395.58,396.15 1 0
gitlab.tooling.cloudgouv-eu-west-1.numspot.internal/platform-iac/clamav-operator/api/v1alpha1/zz_generated.deepcopy.go:396.15,398.3 1 0
gitlab.tooling.cloudgouv-eu-west-1.numspot.internal/platform-iac/clamav-operator/api/v1alpha1/zz_generated.deepcopy.go:399.2,401.12 3 0
gitlab.tooling.cloudgouv-eu-west-1.numspot.internal/platform-iac/clamav-operator/api/v1alpha1/zz_generated.deepcopy.go:405.53,411.2 5 0
gitlab.tooling.cloudgouv-eu-west-1.numspot.internal/platform-iac/clamav-operator/api/v1alpha1/zz_generated.deepcopy.go:414.46,415.15 1 0
gitlab.tooling.cloudgouv-eu-west-1.numspot.internal/platform-iac/clamav-operator/api/v1alpha1/zz_generated.deepcopy.go:415.15,417.3 1 0
gitlab.tooling.cloudgouv-eu-west-1.numspot.internal/platform-iac/clamav-operator/api/v1alpha1/zz_generated.deepcopy.go:418.2,420.12 3 0
gitlab.tooling.cloudgouv-eu-west-1.numspot.internal/platform-iac/clamav-operator/api/v1alpha1/zz_generated.deepcopy.go:424.55,425.34 1 0
gitlab.tooling.cloudgouv-eu-west-1.numspot.internal/platform-iac/clamav-operator/api/v1alpha1/zz_generated.deepcopy.go:425.34,427.3 1 0
gitlab.tooling.cloudgouv-eu-west-1.numspot.internal/platform-iac/clamav-operator/api/v1alpha1/zz_generated.deepcopy.go:428.2,428.12 1 0
gitlab.tooling.cloudgouv-eu-west-1.numspot.internal/platform-iac/clamav-operator/api/v1alpha1/zz_generated.deepcopy.go:432.61,436.21 4 0
gitlab.tooling.cloudgouv-eu-west-1.numspot.internal/platform-iac/clamav-operator/api/v1alpha1/zz_generated.deepcopy.go:436.21,439.22 3 0
gitlab.tooling.cloudgouv-eu-west-1.numspot.internal/platform-iac/clamav-operator/api/v1alpha1/zz_generated.deepcopy.go:439.22,441.4 1 0
gitlab.tooling.cloudgouv-eu-west-1.numspot.internal/platform-iac/clamav-operator/api/v1alpha1/zz_generated.deepcopy.go:446.54,447.15 1 0
gitlab.tooling.cloudgouv-eu-west-1.numspot.internal/platform-iac/clamav-operator/api/v1alpha1/zz_generated.deepcopy.go:447.15,449.3 1 0
gitlab.tooling.cloudgouv-eu-west-1.numspot.internal/platform-iac/clamav-operator/api/v1alpha1/zz_generated.deepcopy.go:450.2,452.12 3 0
gitlab.tooling.cloudgouv-eu-west-1.numspot.internal/platform-iac/clamav-operator/api/v1alpha1/zz_generated.deepcopy.go:456.59,457.34 1 0
gitlab.tooling.cloudgouv-eu-west-1.numspot.internal/platform-iac/clamav-operator/api/v1alpha1/zz_generated.deepcopy.go:457.34,459.3 1 0
gitlab.tooling.cloudgouv-eu-west-1.numspot.internal/platform-iac/clamav-operator/api/v1alpha1/zz_generated.deepcopy.go:460.2,460.12 1 0
gitlab.tooling.cloudgouv-eu-west-1.numspot.internal/platform-iac/clamav-operator/api/v1alpha1/zz_generated.deepcopy.go:464.61,466.21 2 0
gitlab.tooling.cloudgouv-eu-west-1.numspot.internal/platform-iac/clamav-operator/api/v1alpha1/zz_generated.deepcopy.go:466.21,470.3 3 0
gitlab.tooling.cloudgouv-eu-west-1.numspot.internal/platform-iac/clamav-operator/api/v1alpha1/zz_generated.deepcopy.go:471.2,471.31 1 0
gitlab.tooling.cloudgouv-eu-west-1.numspot.internal/platform-iac/clamav-operator/api/v1alpha1/zz_generated.deepcopy.go:471.31,475.3 3 0
gitlab.tooling.cloudgouv-eu-west-1.numspot.internal/platform-iac/clamav-operator/api/v1alpha1/zz_generated.deepcopy.go:476.2,476.25 1 0
gitlab.tooling.cloudgouv-eu-west-1.numspot.internal/platform-iac/clamav-operator/api/v1alpha1/zz_generated.deepcopy.go:476.25,480.3 3 0
gitlab.tooling.cloudgouv-eu-west-1.numspot.internal/platform-iac/clamav-operator/api/v1alpha1/zz_generated.deepcopy.go:481.2,481.29 1 0
gitlab.tooling.cloudgouv-eu-west-1.numspot.internal/platform-iac/clamav-operator/api/v1alpha1/zz_generated.deepcopy.go:481.29,485.3 3 0
gitlab.tooling.cloudgouv-eu-west-1.numspot.internal/platform-iac/clamav-operator/api/v1alpha1/zz_generated.deepcopy.go:486.2,486.26 1 0
gitlab.tooling.cloudgouv-eu-west-1.numspot.internal/platform-iac/clamav-operator/api/v1alpha1/zz_generated.deepcopy.go:486.26,490.3 3 0
gitlab.tooling.cloudgouv-eu-west-1.numspot.internal/platform-iac/clamav-operator/api/v1alpha1/zz_generated.deepcopy.go:494.54,495.15 1 0
gitlab.tooling.cloudgouv-eu-west-1.numspot.internal/platform-iac/clamav-operator/api/v1alpha1/zz_generated.deepcopy.go:495.15,497.3 1 0
gitlab.tooling.cloudgouv-eu-west-1.numspot.internal/platform-iac/clamav-operator/api/v1alpha1/zz_generated.deepcopy.go:498.2,500.12 3 0
gitlab.tooling.cloudgouv-eu-west-1.numspot.internal/platform-iac/clamav-operator/api/v1alpha1/zz_generated.deepcopy.go:504.65,506.24 2 0
gitlab.tooling.cloudgouv-eu-west-1.numspot.internal/platform-iac/clamav-operator/api/v1alpha1/zz_generated.deepcopy.go:506.24,509.3 2 0
gitlab.tooling.cloudgouv-eu-west-1.numspot.internal/platform-iac/clamav-operator/api/v1alpha1/zz_generated.deepcopy.go:510.2,510.26 1 0
gitlab.tooling.cloudgouv-eu-west-1.numspot.internal/platform-iac/clamav-operator/api/v1alpha1/zz_generated.deepcopy.go:510.26,513.22 3 0
gitlab.tooling.cloudgouv-eu-west-1.numspot.internal/platform-iac/clamav-operator/api/v1alpha1/zz_generated.deepcopy.go:513.22,515.4 1 0
gitlab.tooling.cloudgouv-eu-west-1.numspot.internal/platform-iac/clamav-operator/api/v1alpha1/zz_generated.deepcopy.go:520.58,521.15 1 0
gitlab.tooling.cloudgouv-eu-west-1.numspot.internal/platform-iac/clamav-operator/api/v1alpha1/zz_generated.deepcopy.go:521.15,523.3 1 0
gitlab.tooling.cloudgouv-eu-west-1.numspot.internal/platform-iac/clamav-operator/api/v1alpha1/zz_generated.deepcopy.go:524.2,526.12 3 0
gitlab.tooling.cloudgouv-eu-west-1.numspot.internal/platform-iac/clamav-operator/api/v1alpha1/zz_generated.deepcopy.go:530.57,536.2 5 0
gitlab.tooling.cloudgouv-eu-west-1.numspot.internal/platform-iac/clamav-operator/api/v1alpha1/zz_generated.deepcopy.go:539.50,540.15 1 0
gitlab.tooling.cloudgouv-eu-west-1.numspot.internal/platform-iac/clamav-operator/api/v1alpha1/zz_generated.deepcopy.go:540.15,542.3 1 0
gitlab.tooling.cloudgouv-eu-west-1.numspot.internal/platform-iac/clamav-operator/api/v1alpha1/zz_generated.deepcopy.go:543.2,545.12 3 0
gitlab.tooling.cloudgouv-eu-west-1.numspot.internal/platform-iac/clamav-operator/api/v1alpha1/zz_generated.deepcopy.go:549.57,550.34 1 0
gitlab.tooling.cloudgouv-eu-west-1.numspot.internal/platform-iac/clamav-operator/api/v1alpha1/zz_generated.deepcopy.go:550.34,552.3 1 0
gitlab.tooling.cloudgouv-eu-west-1.numspot.internal/platform-iac/clamav-operator/api/v1alpha1/zz_generated.deepcopy.go:553.2,553.12 1 0
gitlab.tooling.cloudgouv-eu-west-1.numspot.internal/platform-iac/clamav-operator/api/v1alpha1/zz_generated.deepcopy.go:557.65,561.21 4 0
gitlab.tooling.cloudgouv-eu-west-1.numspot.internal/platform-iac/clamav-operator/api/v1alpha1/zz_generated.deepcopy.go:561.21,564.22 3 0
gitlab.tooling.cloudgouv-eu-west-1.numspot.internal/platform-iac/clamav-operator/api/v1alpha1/zz_generated.deepcopy.go:564.22,566.4 1 0
gitlab.tooling.cloudgouv-eu-west-1.numspot.internal/platform-iac/clamav-operator/api/v1alpha1/zz_generated.deepcopy.go:571.58,572.15 1 0
gitlab.tooling.cloudgouv-eu-west-1.numspot.internal/platform-iac/clamav-operator/api/v1alpha1/zz_generated.deepcopy.go:572.15,574.3 1 0
gitlab.tooling.cloudgouv-eu-west-1.numspot.internal/platform-iac/clamav-operator/api/v1alpha1/zz_generated.deepcopy.go:575.2,577.12 3 0
gitlab.tooling.cloudgouv-eu-west-1.numspot.internal/platform-iac/clamav-operator/api/v1alpha1/zz_generated.deepcopy.go:581.61,582.34 1 0
gitlab.tooling.cloudgouv-eu-west-1.numspot.internal/platform-iac/clamav-operator/api/v1alpha1/zz_generated.deepcopy.go:582.34,584.3 1 0
gitlab.tooling.cloudgouv-eu-west-1.numspot.internal/platform-iac/clamav-operator/api/v1alpha1/zz_generated.deepcopy.go:585.2,585.12 1 0
gitlab.tooling.cloudgouv-eu-west-1.numspot.internal/platform-iac/clamav-operator/api/v1alpha1/zz_generated.deepcopy.go:589.65,592.43 3 0
gitlab.tooling.cloudgouv-eu-west-1.numspot.internal/platform-iac/clamav-operator/api/v1alpha1/zz_generated.deepcopy.go:592.43,596.3 3 0
gitlab.tooling.cloudgouv-eu-west-1.numspot.internal/platform-iac/clamav-operator/api/v1alpha1/zz_generated.deepcopy.go:597.2,597.39 1 0
gitlab.tooling.cloudgouv-eu-west-1.numspot.internal/platform-iac/clamav-operator/api/v1alpha1/zz_generated.deepcopy.go:597.39,601.3 3 0
gitlab.tooling.cloudgouv-eu-west-1.numspot.internal/platform-iac/clamav-operator/api/v1alpha1/zz_generated.deepcopy.go:602.2,602.39 1 0
gitlab.tooling.cloudgouv-eu-west-1.numspot.internal/platform-iac/clamav-operator/api/v1alpha1/zz_generated.deepcopy.go:602.39,606.3 3 0
gitlab.tooling.cloudgouv-eu-west-1.numspot.internal/platform-iac/clamav-operator/api/v1alpha1/zz_generated.deepcopy.go:610.58,611.15 1 0
gitlab.tooling.cloudgouv-eu-west-1.numspot.internal/platform-iac/clamav-operator/api/v1alpha1/zz_generated.deepcopy.go:611.15,613.3 1 0
gitlab.tooling.cloudgouv-eu-west-1.numspot.internal/platform-iac/clamav-operator/api/v1alpha1/zz_generated.deepcopy.go:614.2,616.12 3 0
gitlab.tooling.cloudgouv-eu-west-1.numspot.internal/platform-iac/clamav-operator/api/v1alpha1/zz_generated.deepcopy.go:620.69,622.22 2 0
gitlab.tooling.cloudgouv-eu-west-1.numspot.internal/platform-iac/clamav-operator/api/v1alpha1/zz_generated.deepcopy.go:622.22,626.3 3 0
gitlab.tooling.cloudgouv-eu-west-1.numspot.internal/platform-iac/clamav-operator/api/v1alpha1/zz_generated.deepcopy.go:627.2,627.32 1 0
gitlab.tooling.cloudgouv-eu-west-1.numspot.internal/platform-iac/clamav-operator/api/v1alpha1/zz_generated.deepcopy.go:627.32,630.3 2 0
gitlab.tooling.cloudgouv-eu-west-1.numspot.internal/platform-iac/clamav-operator/api/v1alpha1/zz_generated.deepcopy.go:631.2,631.34 1 0
gitlab.tooling.cloudgouv-eu-west-1.numspot.internal/platform-iac/clamav-operator/api/v1alpha1/zz_generated.deepcopy.go:631.34,634.3 2 0
gitlab.tooling.cloudgouv-eu-west-1.numspot.internal/platform-iac/clamav-operator/api/v1alpha1/zz_generated.deepcopy.go:635.2,635.32 1 0
gitlab.tooling.cloudgouv-eu-west-1.numspot.internal/platform-iac/clamav-operator/api/v1alpha1/zz_generated.deepcopy.go:635.32,638.3 2 0
gitlab.tooling.cloudgouv-eu-west-1.numspot.internal/platform-iac/clamav-operator/api/v1alpha1/zz_generated.deepcopy.go:639.2,639.26 1 0
gitlab.tooling.cloudgouv-eu-west-1.numspot.internal/platform-iac/clamav-operator/api/v1alpha1/zz_generated.deepcopy.go:639.26,642.22 3 0
gitlab.tooling.cloudgouv-eu-west-1.numspot.internal/platform-iac/clamav-operator/api/v1alpha1/zz_generated.deepcopy.go:642.22,644.4 1 0
gitlab.tooling.cloudgouv-eu-west-1.numspot.internal/platform-iac/clamav-operator/api/v1alpha1/zz_generated.deepcopy.go:649.62,650.15 1 0
gitlab.tooling.cloudgouv-eu-west-1.numspot.internal/platform-iac/clamav-operator/api/v1alpha1/zz_generated.deepcopy.go:650.15,652.3 1 0
gitlab.tooling.cloudgouv-eu-west-1.numspot.internal/platform-iac/clamav-operator/api/v1alpha1/zz_generated.deepcopy.go:653.2,655.12 3 0
gitlab.tooling.cloudgouv-eu-west-1.numspot.internal/platform-iac/clamav-operator/api/v1alpha1/zz_generated.deepcopy.go:659.55,661.32 2 0
gitlab.tooling.cloudgouv-eu-west-1.numspot.internal/platform-iac/clamav-operator/api/v1alpha1/zz_generated.deepcopy.go:661.32,665.3 3 0
gitlab.tooling.cloudgouv-eu-west-1.numspot.internal/platform-iac/clamav-operator/api/v1alpha1/zz_generated.deepcopy.go:669.48,670.15 1 0
gitlab.tooling.cloudgouv-eu-west-1.numspot.internal/platform-iac/clamav-operator/api/v1alpha1/zz_generated.deepcopy.go:670.15,672.3 1 0
gitlab.tooling.cloudgouv-eu-west-1.numspot.internal/platform-iac/clamav-operator/api/v1alpha1/zz_generated.deepcopy.go:673.2,675.12 3 0
gitlab.tooling.cloudgouv-eu-west-1.numspot.internal/platform-iac/clamav-operator/api/v1alpha1/zz_generated.deepcopy.go:679.59,681.23 2 0
gitlab.tooling.cloudgouv-eu-west-1.numspot.internal/platform-iac/clamav-operator/api/v1alpha1/zz_generated.deepcopy.go:681.23,684.29 3 0
gitlab.tooling.cloudgouv-eu-west-1.numspot.internal/platform-iac/clamav-operator/api/v1alpha1/zz_generated.deepcopy.go:684.29,686.4 1 0
gitlab.tooling.cloudgouv-eu-west-1.numspot.internal/platform-iac/clamav-operator/api/v1alpha1/zz_generated.deepcopy.go:688.2,688.25 1 0
gitlab.tooling.cloudgouv-eu-west-1.numspot.internal/platform-iac/clamav-operator/api/v1alpha1/zz_generated.deepcopy.go:688.25,692.3 3 0
gitlab.tooling.cloudgouv-eu-west-1.numspot.internal/platform-iac/clamav-operator/api/v1alpha1/zz_generated.deepcopy.go:696.52,697.15 1 0
gitlab.tooling.cloudgouv-eu-west-1.numspot.internal/platform-iac/clamav-operator/api/v1alpha1/zz_generated.deepcopy.go:697.15,699.3 1 0
gitlab.tooling.cloudgouv-eu-west-1.numspot.internal/platform-iac/clamav-operator/api/v1alpha1/zz_generated.deepcopy.go:700.2,702.12 3 0
gitlab.tooling.cloudgouv-eu-west-1.numspot.internal/platform-iac/clamav-operator/controllers/clusterscan_controller.go:43.103,47.69 3 0
gitlab.tooling.cloudgouv-eu-west-1.numspot.internal/platform-iac/clamav-operator/controllers/clusterscan_controller.go:47.69,48.29 1 0
gitlab.tooling.cloudgouv-eu-west-1.numspot.internal/platform-iac/clamav-operator/controllers/clusterscan_controller.go:48.29,50.4 1 0
gitlab.tooling.cloudgouv-eu-west-1.numspot.internal/platform-iac/clamav-operator/controllers/clusterscan_controller.go:51.3,51.28 1 0
gitlab.tooling.cloudgouv-eu-west-1.numspot.internal/platform-iac/clamav-operator/controllers/clusterscan_controller.go:55.2,55.56 1 0
gitlab.tooling.cloudgouv-eu-west-1.numspot.internal/platform-iac/clamav-operator/controllers/clusterscan_controller.go:55.56,56.75 1 0
gitlab.tooling.cloudgouv-eu-west-1.numspot.internal/platform-iac/clamav-operator/controllers/clusterscan_controller.go:56.75,57.66 1 0
gitlab.tooling.cloudgouv-eu-west-1.numspot.internal/platform-iac/clamav-operator/controllers/clusterscan_controller.go:57.66,59.5 1 0
gitlab.tooling.cloudgouv-eu-west-1.numspot.internal/platform-iac/clamav-operator/controllers/clusterscan_controller.go:60.4,61.54 2 0
gitlab.tooling.cloudgouv-eu-west-1.numspot.internal/platform-iac/clamav-operator/controllers/clusterscan_controller.go:61.54,63.5 1 0
gitlab.tooling.cloudgouv-eu-west-1.numspot.internal/platform-iac/clamav-operator/controllers/clusterscan_controller.go:65.3,65.28 1 0
gitlab.tooling.cloudgouv-eu-west-1.numspot.internal/platform-iac/clamav-operator/controllers/clusterscan_controller.go:69.2,69.75 1 0
gitlab.tooling.cloudgouv-eu-west-1.numspot.internal/platform-iac/clamav-operator/controllers/clusterscan_controller.go:69.75,71.53 2 0
gitlab.tooling.cloudgouv-eu-west-1.numspot.internal/platform-iac/clamav-operator/controllers/clusterscan_controller.go:71.53,73.4 1 0
gitlab.tooling.cloudgouv-eu-west-1.numspot.internal/platform-iac/clamav-operator/controllers/clusterscan_controller.go:77.2,77.36 1 0
gitlab.tooling.cloudgouv-eu-west-1.numspot.internal/platform-iac/clamav-operator/controllers/clusterscan_controller.go:77.36,81.62 4 0
gitlab.tooling.cloudgouv-eu-west-1.numspot.internal/platform-iac/clamav-operator/controllers/clusterscan_controller.go:81.62,83.4 1 0
gitlab.tooling.cloudgouv-eu-west-1.numspot.internal/platform-iac/clamav-operator/controllers/clusterscan_controller.go:87.2,88.16 2 0
gitlab.tooling.cloudgouv-eu-west-1.numspot.internal/platform-iac/clamav-operator/controllers/clusterscan_controller.go:88.16,90.3 1 0
gitlab.tooling.cloudgouv-eu-west-1.numspot.internal/platform-iac/clamav-operator/controllers/clusterscan_controller.go:92.2,97.99 3 0
gitlab.tooling.cloudgouv-eu-west-1.numspot.internal/platform-iac/clamav-operator/controllers/clusterscan_controller.go:97.99,99.3 1 0
gitlab.tooling.cloudgouv-eu-west-1.numspot.internal/platform-iac/clamav-operator/controllers/clusterscan_controller.go:102.2,106.45 4 0
gitlab.tooling.cloudgouv-eu-west-1.numspot.internal/platform-iac/clamav-operator/controllers/clusterscan_controller.go:106.45,107.26 1 0
gitlab.tooling.cloudgouv-eu-west-1.numspot.internal/platform-iac/clamav-operator/controllers/clusterscan_controller.go:108.46,112.35 4 0
gitlab.tooling.cloudgouv-eu-west-1.numspot.internal/platform-iac/clamav-operator/controllers/clusterscan_controller.go:112.35,114.5 1 0
gitlab.tooling.cloudgouv-eu-west-1.numspot.internal/platform-iac/clamav-operator/controllers/clusterscan_controller.go:115.44,116.13 1 0
gitlab.tooling.cloudgouv-eu-west-1.numspot.internal/platform-iac/clamav-operator/controllers/clusterscan_controller.go:117.43,118.12 1 0
gitlab.tooling.cloudgouv-eu-west-1.numspot.internal/platform-iac/clamav-operator/controllers/clusterscan_controller.go:121.3,129.5 1 0
gitlab.tooling.cloudgouv-eu-west-1.numspot.internal/platform-iac/clamav-operator/controllers/clusterscan_controller.go:133.2,134.21 2 0
gitlab.tooling.cloudgouv-eu-west-1.numspot.internal/platform-iac/clamav-operator/controllers/clusterscan_controller.go:134.21,136.3 1 0
gitlab.tooling.cloudgouv-eu-west-1.numspot.internal/platform-iac/clamav-operator/controllers/clusterscan_controller.go:138.2,138.26 1 0
gitlab.tooling.cloudgouv-eu-west-1.numspot.internal/platform-iac/clamav-operator/controllers/clusterscan_controller.go:138.26,139.30 1 0
gitlab.tooling.cloudgouv-eu-west-1.numspot.internal/platform-iac/clamav-operator/controllers/clusterscan_controller.go:139.30,142.47 2 0
gitlab.tooling.cloudgouv-eu-west-1.numspot.internal/platform-iac/clamav-operator/controllers/clusterscan_controller.go:142.47,143.38 1 0
gitlab.tooling.cloudgouv-eu-west-1.numspot.internal/platform-iac/clamav-operator/controllers/clusterscan_controller.go:143.38,145.11 2 0
gitlab.tooling.cloudgouv-eu-west-1.numspot.internal/platform-iac/clamav-operator/controllers/clusterscan_controller.go:149.4,149.39 1 0
gitlab.tooling.cloudgouv-eu-west-1.numspot.internal/platform-iac/clamav-operator/controllers/clusterscan_controller.go:149.39,150.81 1 0
gitlab.tooling.cloudgouv-eu-west-1.numspot.internal/platform-iac/clamav-operator/controllers/clusterscan_controller.go:150.81,152.14 2 0
gitlab.tooling.cloudgouv-eu-west-1.numspot.internal/platform-iac/clamav-operator/controllers/clusterscan_controller.go:154.5,154.14 1 0
gitlab.tooling.cloudgouv-eu-west-1.numspot.internal/platform-iac/clamav-operator/controllers/clusterscan_controller.go:160.2,169.55 8 0
gitlab.tooling.cloudgouv-eu-west-1.numspot.internal/platform-iac/clamav-operator/controllers/clusterscan_controller.go:169.55,170.18 1 0
gitlab.tooling.cloudgouv-eu-west-1.numspot.internal/platform-iac/clamav-operator/controllers/clusterscan_controller.go:170.18,172.4 1 0
gitlab.tooling.cloudgouv-eu-west-1.numspot.internal/platform-iac/clamav-operator/controllers/clusterscan_controller.go:172.9,172.27 1 0
gitlab.tooling.cloudgouv-eu-west-1.numspot.internal/platform-iac/clamav-operator/controllers/clusterscan_controller.go:172.27,174.4 1 0
gitlab.tooling.cloudgouv-eu-west-1.numspot.internal/platform-iac/clamav-operator/controllers/clusterscan_controller.go:174.9,176.4 1 0
gitlab.tooling.cloudgouv-eu-west-1.numspot.internal/platform-iac/clamav-operator/controllers/clusterscan_controller.go:177.3,178.43 2 0
gitlab.tooling.cloudgouv-eu-west-1.numspot.internal/platform-iac/clamav-operator/controllers/clusterscan_controller.go:179.8,181.3 1 0
gitlab.tooling.cloudgouv-eu-west-1.numspot.internal/platform-iac/clamav-operator/controllers/clusterscan_controller.go:183.2,183.61 1 0
gitlab.tooling.cloudgouv-eu-west-1.numspot.internal/platform-iac/clamav-operator/controllers/clusterscan_controller.go:183.61,185.3 1 0
gitlab.tooling.cloudgouv-eu-west-1.numspot.internal/platform-iac/clamav-operator/controllers/clusterscan_controller.go:188.2,188.72 1 0
gitlab.tooling.cloudgouv-eu-west-1.numspot.internal/platform-iac/clamav-operator/controllers/clusterscan_controller.go:188.72,190.3 1 0
gitlab.tooling.cloudgouv-eu-west-1.numspot.internal/platform-iac/clamav-operator/controllers/clusterscan_controller.go:192.2,192.27 1 0
gitlab.tooling.cloudgouv-eu-west-1.numspot.internal/platform-iac/clamav-operator/controllers/clusterscan_controller.go:195.134,198.42 2 0
gitlab.tooling.cloudgouv-eu-west-1.numspot.internal/platform-iac/clamav-operator/controllers/clusterscan_controller.go:198.42,200.17 2 0
gitlab.tooling.cloudgouv-eu-west-1.numspot.internal/platform-iac/clamav-operator/controllers/clusterscan_controller.go:200.17,202.4 1 0
gitlab.tooling.cloudgouv-eu-west-1.numspot.internal/platform-iac/clamav-operator/controllers/clusterscan_controller.go:203.3,203.93 1 0
gitlab.tooling.cloudgouv-eu-west-1.numspot.internal/platform-iac/clamav-operator/controllers/clusterscan_controller.go:203.93,205.4 1 0
gitlab.tooling.cloudgouv-eu-west-1.numspot.internal/platform-iac/clamav-operator/controllers/clusterscan_controller.go:206.8,207.47 1 0
gitlab.tooling.cloudgouv-eu-west-1.numspot.internal/platform-iac/clamav-operator/controllers/clusterscan_controller.go:207.47,209.4 1 0
gitlab.tooling.cloudgouv-eu-west-1.numspot.internal/platform-iac/clamav-operator/controllers/clusterscan_controller.go:212.2,212.28 1 0
gitlab.tooling.cloudgouv-eu-west-1.numspot.internal/platform-iac/clamav-operator/controllers/clusterscan_controller.go:215.140,233.46 2 0
gitlab.tooling.cloudgouv-eu-west-1.numspot.internal/platform-iac/clamav-operator/controllers/clusterscan_controller.go:233.46,234.53 1 0
gitlab.tooling.cloudgouv-eu-west-1.numspot.internal/platform-iac/clamav-operator/controllers/clusterscan_controller.go:234.53,236.4 1 0
gitlab.tooling.cloudgouv-eu-west-1.numspot.internal/platform-iac/clamav-operator/controllers/clusterscan_controller.go:237.3,237.59 1 0
gitlab.tooling.cloudgouv-eu-west-1.numspot.internal/platform-iac/clamav-operator/controllers/clusterscan_controller.go:237.59,239.4 1 0
gitlab.tooling.cloudgouv-eu-west-1.numspot.internal/platform-iac/clamav-operator/controllers/clusterscan_controller.go:240.3,240.57 1 0
gitlab.tooling.cloudgouv-eu-west-1.numspot.internal/platform-iac/clamav-operator/controllers/clusterscan_controller.go:240.57,242.4 1 0
gitlab.tooling.cloudgouv-eu-west-1.numspot.internal/platform-iac/clamav-operator/controllers/clusterscan_controller.go:245.2,245.95 1 0
gitlab.tooling.cloudgouv-eu-west-1.numspot.internal/platform-iac/clamav-operator/controllers/clusterscan_controller.go:245.95,247.3 1 0
gitlab.tooling.cloudgouv-eu-west-1.numspot.internal/platform-iac/clamav-operator/controllers/clusterscan_controller.go:249.2,249.32 1 0
gitlab.tooling.cloudgouv-eu-west-1.numspot.internal/platform-iac/clamav-operator/controllers/clusterscan_controller.go:252.120,256.99 2 0
gitlab.tooling.cloudgouv-eu-west-1.numspot.internal/platform-iac/clamav-operator/controllers/clusterscan_controller.go:256.99,258.3 1 0
gitlab.tooling.cloudgouv-eu-west-1.numspot.internal/platform-iac/clamav-operator/controllers/clusterscan_controller.go:260.2,260.37 1 0
gitlab.tooling.cloudgouv-eu-west-1.numspot.internal/platform-iac/clamav-operator/controllers/clusterscan_controller.go:260.37,261.71 1 0
gitlab.tooling.cloudgouv-eu-west-1.numspot.internal/platform-iac/clamav-operator/controllers/clusterscan_controller.go:261.71,263.4 1 0
gitlab.tooling.cloudgouv-eu-west-1.numspot.internal/platform-iac/clamav-operator/controllers/clusterscan_controller.go:266.2,266.12 1 0
gitlab.tooling.cloudgouv-eu-west-1.numspot.internal/platform-iac/clamav-operator/controllers/clusterscan_controller.go:269.74,274.2 1 0
gitlab.tooling.cloudgouv-eu-west-1.numspot.internal/platform-iac/clamav-operator/controllers/metrics.go:169.13,190.2 1 0
gitlab.tooling.cloudgouv-eu-west-1.numspot.internal/platform-iac/clamav-operator/controllers/metrics.go:193.99,197.15 3 0
gitlab.tooling.cloudgouv-eu-west-1.numspot.internal/platform-iac/clamav-operator/controllers/metrics.go:198.43,198.43 0 0
gitlab.tooling.cloudgouv-eu-west-1.numspot.internal/platform-iac/clamav-operator/controllers/metrics.go:201.43,202.52 1 0
gitlab.tooling.cloudgouv-eu-west-1.numspot.internal/platform-iac/clamav-operator/controllers/metrics.go:204.45,221.82 8 0
gitlab.tooling.cloudgouv-eu-west-1.numspot.internal/platform-iac/clamav-operator/controllers/metrics.go:223.42,228.66 2 0
gitlab.tooling.cloudgouv-eu-west-1.numspot.internal/platform-iac/clamav-operator/controllers/metrics.go:233.111,237.15 3 0
gitlab.tooling.cloudgouv-eu-west-1.numspot.internal/platform-iac/clamav-operator/controllers/metrics.go:238.46,238.46 0 0
gitlab.tooling.cloudgouv-eu-west-1.numspot.internal/platform-iac/clamav-operator/controllers/metrics.go:241.46,248.107 5 0
gitlab.tooling.cloudgouv-eu-west-1.numspot.internal/platform-iac/clamav-operator/controllers/metrics.go:250.48,261.107 6 0
gitlab.tooling.cloudgouv-eu-west-1.numspot.internal/platform-iac/clamav-operator/controllers/metrics.go:263.45,268.63 2 0
gitlab.tooling.cloudgouv-eu-west-1.numspot.internal/platform-iac/clamav-operator/controllers/metrics.go:270.56,281.107 6 0
gitlab.tooling.cloudgouv-eu-west-1.numspot.internal/platform-iac/clamav-operator/controllers/metrics.go:286.58,288.2 1 0
gitlab.tooling.cloudgouv-eu-west-1.numspot.internal/platform-iac/clamav-operator/controllers/metrics.go:291.80,293.14 2 0
gitlab.tooling.cloudgouv-eu-west-1.numspot.internal/platform-iac/clamav-operator/controllers/metrics.go:293.14,295.3 1 0
gitlab.tooling.cloudgouv-eu-west-1.numspot.internal/platform-iac/clamav-operator/controllers/metrics.go:296.2,296.84 1 0
gitlab.tooling.cloudgouv-eu-west-1.numspot.internal/platform-iac/clamav-operator/controllers/metrics.go:300.83,302.2 1 0
gitlab.tooling.cloudgouv-eu-west-1.numspot.internal/platform-iac/clamav-operator/controllers/nodescan_controller.go:71.100,76.66 3 0
gitlab.tooling.cloudgouv-eu-west-1.numspot.internal/platform-iac/clamav-operator/controllers/nodescan_controller.go:76.66,77.29 1 0
gitlab.tooling.cloudgouv-eu-west-1.numspot.internal/platform-iac/clamav-operator/controllers/nodescan_controller.go:77.29,79.4 1 0
gitlab.tooling.cloudgouv-eu-west-1.numspot.internal/platform-iac/clamav-operator/controllers/nodescan_controller.go:80.3,81.28 2 0
gitlab.tooling.cloudgouv-eu-west-1.numspot.internal/platform-iac/clamav-operator/controllers/nodescan_controller.go:85.2,85.53 1 0
gitlab.tooling.cloudgouv-eu-west-1.numspot.internal/platform-iac/clamav-operator/controllers/nodescan_controller.go:85.53,86.69 1 0
gitlab.tooling.cloudgouv-eu-west-1.numspot.internal/platform-iac/clamav-operator/controllers/nodescan_controller.go:86.69,87.60 1 0
gitlab.tooling.cloudgouv-eu-west-1.numspot.internal/platform-iac/clamav-operator/controllers/nodescan_controller.go:87.60,89.5 1 0
gitlab.tooling.cloudgouv-eu-west-1.numspot.internal/platform-iac/clamav-operator/controllers/nodescan_controller.go:90.4,91.51 2 0
gitlab.tooling.cloudgouv-eu-west-1.numspot.internal/platform-iac/clamav-operator/controllers/nodescan_controller.go:91.51,93.5 1 0
gitlab.tooling.cloudgouv-eu-west-1.numspot.internal/platform-iac/clamav-operator/controllers/nodescan_controller.go:95.3,95.28 1 0
gitlab.tooling.cloudgouv-eu-west-1.numspot.internal/platform-iac/clamav-operator/controllers/nodescan_controller.go:99.2,99.69 1 0
gitlab.tooling.cloudgouv-eu-west-1.numspot.internal/platform-iac/clamav-operator/controllers/nodescan_controller.go:99.69,101.50 2 0
gitlab.tooling.cloudgouv-eu-west-1.numspot.internal/platform-iac/clamav-operator/controllers/nodescan_controller.go:101.50,103.4 1 0
gitlab.tooling.cloudgouv-eu-west-1.numspot.internal/platform-iac/clamav-operator/controllers/nodescan_controller.go:107.2,108.94 2 0
gitlab.tooling.cloudgouv-eu-west-1.numspot.internal/platform-iac/clamav-operator/controllers/nodescan_controller.go:108.94,109.29 1 0
gitlab.tooling.cloudgouv-eu-west-1.numspot.internal/platform-iac/clamav-operator/controllers/nodescan_controller.go:109.29,114.4 2 0
gitlab.tooling.cloudgouv-eu-west-1.numspot.internal/platform-iac/clamav-operator/controllers/nodescan_controller.go:115.3,115.28 1 0
gitlab.tooling.cloudgouv-eu-west-1.numspot.internal/platform-iac/clamav-operator/controllers/nodescan_controller.go:119.2,120.36 2 0
gitlab.tooling.cloudgouv-eu-west-1.numspot.internal/platform-iac/clamav-operator/controllers/nodescan_controller.go:120.36,125.30 2 0
gitlab.tooling.cloudgouv-eu-west-1.numspot.internal/platform-iac/clamav-operator/controllers/nodescan_controller.go:125.30,126.30 1 0
gitlab.tooling.cloudgouv-eu-west-1.numspot.internal/platform-iac/clamav-operator/controllers/nodescan_controller.go:126.30,131.5 2 0
gitlab.tooling.cloudgouv-eu-west-1.numspot.internal/platform-iac/clamav-operator/controllers/nodescan_controller.go:132.4,132.29 1 0
gitlab.tooling.cloudgouv-eu-west-1.numspot.internal/platform-iac/clamav-operator/controllers/nodescan_controller.go:137.2,138.23 2 0
gitlab.tooling.cloudgouv-eu-west-1.numspot.internal/platform-iac/clamav-operator/controllers/nodescan_controller.go:138.23,140.3 1 0
gitlab.tooling.cloudgouv-eu-west-1.numspot.internal/platform-iac/clamav-operator/controllers/nodescan_controller.go:142.2,145.28 3 0
gitlab.tooling.cloudgouv-eu-west-1.numspot.internal/platform-iac/clamav-operator/controllers/nodescan_controller.go:145.28,147.34 1 0
gitlab.tooling.cloudgouv-eu-west-1.numspot.internal/platform-iac/clamav-operator/controllers/nodescan_controller.go:147.34,151.60 4 0
gitlab.tooling.cloudgouv-eu-west-1.numspot.internal/platform-iac/clamav-operator/controllers/nodescan_controller.go:151.60,153.5 1 0
gitlab.tooling.cloudgouv-eu-west-1.numspot.internal/platform-iac/clamav-operator/controllers/nodescan_controller.go:157.3,158.17 2 0
gitlab.tooling.cloudgouv-eu-west-1.numspot.internal/platform-iac/clamav-operator/controllers/nodescan_controller.go:158.17,161.4 2 0
gitlab.tooling.cloudgouv-eu-west-1.numspot.internal/platform-iac/clamav-operator/controllers/nodescan_controller.go:163.3,163.44 1 0
gitlab.tooling.cloudgouv-eu-west-1.numspot.internal/platform-iac/clamav-operator/controllers/nodescan_controller.go:163.44,168.4 3 0
gitlab.tooling.cloudgouv-eu-west-1.numspot.internal/platform-iac/clamav-operator/controllers/nodescan_controller.go:171.3,184.81 4 0
gitlab.tooling.cloudgouv-eu-west-1.numspot.internal/platform-iac/clamav-operator/controllers/nodescan_controller.go:184.81,186.4 1 0
gitlab.tooling.cloudgouv-eu-west-1.numspot.internal/platform-iac/clamav-operator/controllers/nodescan_controller.go:189.3,191.58 2 0
gitlab.tooling.cloudgouv-eu-west-1.numspot.internal/platform-iac/clamav-operator/controllers/nodescan_controller.go:192.8,192.23 1 0
gitlab.tooling.cloudgouv-eu-west-1.numspot.internal/platform-iac/clamav-operator/controllers/nodescan_controller.go:192.23,194.3 1 0
gitlab.tooling.cloudgouv-eu-west-1.numspot.internal/platform-iac/clamav-operator/controllers/nodescan_controller.go:197.2,197.38 1 0
gitlab.tooling.cloudgouv-eu-west-1.numspot.internal/platform-iac/clamav-operator/controllers/nodescan_controller.go:197.38,198.69 1 0
gitlab.tooling.cloudgouv-eu-west-1.numspot.internal/platform-iac/clamav-operator/controllers/nodescan_controller.go:198.69,202.40 4 0
gitlab.tooling.cloudgouv-eu-west-1.numspot.internal/platform-iac/clamav-operator/controllers/nodescan_controller.go:202.40,204.5 1 0
gitlab.tooling.cloudgouv-eu-west-1.numspot.internal/platform-iac/clamav-operator/controllers/nodescan_controller.go:207.4,207.74 1 0
gitlab.tooling.cloudgouv-eu-west-1.numspot.internal/platform-iac/clamav-operator/controllers/nodescan_controller.go:207.74,209.5 1 0
gitlab.tooling.cloudgouv-eu-west-1.numspot.internal/platform-iac/clamav-operator/controllers/nodescan_controller.go:211.4,216.87 2 0
gitlab.tooling.cloudgouv-eu-west-1.numspot.internal/platform-iac/clamav-operator/controllers/nodescan_controller.go:216.87,218.5 1 0
gitlab.tooling.cloudgouv-eu-west-1.numspot.internal/platform-iac/clamav-operator/controllers/nodescan_controller.go:221.4,224.62 2 0
gitlab.tooling.cloudgouv-eu-west-1.numspot.internal/platform-iac/clamav-operator/controllers/nodescan_controller.go:224.62,226.5 1 0
gitlab.tooling.cloudgouv-eu-west-1.numspot.internal/platform-iac/clamav-operator/controllers/nodescan_controller.go:229.4,229.25 1 0
gitlab.tooling.cloudgouv-eu-west-1.numspot.internal/platform-iac/clamav-operator/controllers/nodescan_controller.go:229.25,231.5 1 0
gitlab.tooling.cloudgouv-eu-west-1.numspot.internal/platform-iac/clamav-operator/controllers/nodescan_controller.go:233.3,233.28 1 0
gitlab.tooling.cloudgouv-eu-west-1.numspot.internal/platform-iac/clamav-operator/controllers/nodescan_controller.go:235.8,235.42 1 0
gitlab.tooling.cloudgouv-eu-west-1.numspot.internal/platform-iac/clamav-operator/controllers/nodescan_controller.go:235.42,236.66 1 0
gitlab.tooling.cloudgouv-eu-west-1.numspot.internal/platform-iac/clamav-operator/controllers/nodescan_controller.go:236.66,243.73 3 0
gitlab.tooling.cloudgouv-eu-west-1.numspot.internal/platform-iac/clamav-operator/controllers/nodescan_controller.go:243.73,245.5 1 0
gitlab.tooling.cloudgouv-eu-west-1.numspot.internal/platform-iac/clamav-operator/controllers/nodescan_controller.go:248.4,248.72 1 0
gitlab.tooling.cloudgouv-eu-west-1.numspot.internal/platform-iac/clamav-operator/controllers/nodescan_controller.go:250.3,250.28 1 0
gitlab.tooling.cloudgouv-eu-west-1.numspot.internal/platform-iac/clamav-operator/controllers/nodescan_controller.go:254.2,254.57 1 0
gitlab.tooling.cloudgouv-eu-west-1.numspot.internal/platform-iac/clamav-operator/controllers/nodescan_controller.go:258.150,261.42 2 0
gitlab.tooling.cloudgouv-eu-west-1.numspot.internal/platform-iac/clamav-operator/controllers/nodescan_controller.go:261.42,263.3 1 0
gitlab.tooling.cloudgouv-eu-west-1.numspot.internal/platform-iac/clamav-operator/controllers/nodescan_controller.go:264.2,264.21 1 0
gitlab.tooling.cloudgouv-eu-west-1.numspot.internal/platform-iac/clamav-operator/controllers/nodescan_controller.go:264.21,266.3 1 0
gitlab.tooling.cloudgouv-eu-west-1.numspot.internal/platform-iac/clamav-operator/controllers/nodescan_controller.go:269.2,270.45 2 0
gitlab.tooling.cloudgouv-eu-west-1.numspot.internal/platform-iac/clamav-operator/controllers/nodescan_controller.go:270.45,272.3 1 0
gitlab.tooling.cloudgouv-eu-west-1.numspot.internal/platform-iac/clamav-operator/controllers/nodescan_controller.go:273.2,273.24 1 0
gitlab.tooling.cloudgouv-eu-west-1.numspot.internal/platform-iac/clamav-operator/controllers/nodescan_controller.go:273.24,275.3 1 0
gitlab.tooling.cloudgouv-eu-west-1.numspot.internal/platform-iac/clamav-operator/controllers/nodescan_controller.go:277.2,278.43 2 0
gitlab.tooling.cloudgouv-eu-west-1.numspot.internal/platform-iac/clamav-operator/controllers/nodescan_controller.go:278.43,280.3 1 0
gitlab.tooling.cloudgouv-eu-west-1.numspot.internal/platform-iac/clamav-operator/controllers/nodescan_controller.go:281.2,281.22 1 0
gitlab.tooling.cloudgouv-eu-west-1.numspot.internal/platform-iac/clamav-operator/controllers/nodescan_controller.go:281.22,283.3 1 0
gitlab.tooling.cloudgouv-eu-west-1.numspot.internal/platform-iac/clamav-operator/controllers/nodescan_controller.go:285.2,286.43 2 0
gitlab.tooling.cloudgouv-eu-west-1.numspot.internal/platform-iac/clamav-operator/controllers/nodescan_controller.go:286.43,288.3 1 0
gitlab.tooling.cloudgouv-eu-west-1.numspot.internal/platform-iac/clamav-operator/controllers/nodescan_controller.go:289.2,289.22 1 0
gitlab.tooling.cloudgouv-eu-west-1.numspot.internal/platform-iac/clamav-operator/controllers/nodescan_controller.go:289.22,291.3 1 0
gitlab.tooling.cloudgouv-eu-west-1.numspot.internal/platform-iac/clamav-operator/controllers/nodescan_controller.go:293.2,294.61 2 0
gitlab.tooling.cloudgouv-eu-west-1.numspot.internal/platform-iac/clamav-operator/controllers/nodescan_controller.go:294.61,296.3 1 0
gitlab.tooling.cloudgouv-eu-west-1.numspot.internal/platform-iac/clamav-operator/controllers/nodescan_controller.go:299.2,324.36 3 0
gitlab.tooling.cloudgouv-eu-west-1.numspot.internal/platform-iac/clamav-operator/controllers/nodescan_controller.go:324.36,326.3 1 0
gitlab.tooling.cloudgouv-eu-west-1.numspot.internal/platform-iac/clamav-operator/controllers/nodescan_controller.go:326.8,326.66 1 0
gitlab.tooling.cloudgouv-eu-west-1.numspot.internal/platform-iac/clamav-operator/controllers/nodescan_controller.go:326.66,328.3 1 0
gitlab.tooling.cloudgouv-eu-west-1.numspot.internal/platform-iac/clamav-operator/controllers/nodescan_controller.go:331.2,332.23 2 0
gitlab.tooling.cloudgouv-eu-west-1.numspot.internal/platform-iac/clamav-operator/controllers/nodescan_controller.go:332.23,334.3 1 0
gitlab.tooling.cloudgouv-eu-west-1.numspot.internal/platform-iac/clamav-operator/controllers/nodescan_controller.go:337.2,338.16 2 0
gitlab.tooling.cloudgouv-eu-west-1.numspot.internal/platform-iac/clamav-operator/controllers/nodescan_controller.go:338.16,340.3 1 0
gitlab.tooling.cloudgouv-eu-west-1.numspot.internal/platform-iac/clamav-operator/controllers/nodescan_controller.go:342.2,440.87 2 0
gitlab.tooling.cloudgouv-eu-west-1.numspot.internal/platform-iac/clamav-operator/controllers/nodescan_controller.go:440.87,442.3 1 0
gitlab.tooling.cloudgouv-eu-west-1.numspot.internal/platform-iac/clamav-operator/controllers/nodescan_controller.go:444.2,444.17 1 0
gitlab.tooling.cloudgouv-eu-west-1.numspot.internal/platform-iac/clamav-operator/controllers/nodescan_controller.go:448.126,453.134 3 0
gitlab.tooling.cloudgouv-eu-west-1.numspot.internal/platform-iac/clamav-operator/controllers/nodescan_controller.go:453.134,455.3 1 0
gitlab.tooling.cloudgouv-eu-west-1.numspot.internal/platform-iac/clamav-operator/controllers/nodescan_controller.go:457.2,457.29 1 0
gitlab.tooling.cloudgouv-eu-west-1.numspot.internal/platform-iac/clamav-operator/controllers/nodescan_controller.go:457.29,459.3 1 0
gitlab.tooling.cloudgouv-eu-west-1.numspot.internal/platform-iac/clamav-operator/controllers/nodescan_controller.go:461.2,469.16 4 0
gitlab.tooling.cloudgouv-eu-west-1.numspot.internal/platform-iac/clamav-operator/controllers/nodescan_controller.go:469.16,471.3 1 0
gitlab.tooling.cloudgouv-eu-west-1.numspot.internal/platform-iac/clamav-operator/controllers/nodescan_controller.go:472.2,485.21 4 0
gitlab.tooling.cloudgouv-eu-west-1.numspot.internal/platform-iac/clamav-operator/controllers/nodescan_controller.go:485.21,503.62 4 0
gitlab.tooling.cloudgouv-eu-west-1.numspot.internal/platform-iac/clamav-operator/controllers/nodescan_controller.go:503.62,504.12 1 0
gitlab.tooling.cloudgouv-eu-west-1.numspot.internal/platform-iac/clamav-operator/controllers/nodescan_controller.go:508.3,508.52 1 0
gitlab.tooling.cloudgouv-eu-west-1.numspot.internal/platform-iac/clamav-operator/controllers/nodescan_controller.go:508.52,513.4 4 0
gitlab.tooling.cloudgouv-eu-west-1.numspot.internal/platform-iac/clamav-operator/controllers/nodescan_controller.go:516.3,516.61 1 0
gitlab.tooling.cloudgouv-eu-west-1.numspot.internal/platform-iac/clamav-operator/controllers/nodescan_controller.go:516.61,524.4 2 0
gitlab.tooling.cloudgouv-eu-west-1.numspot.internal/platform-iac/clamav-operator/controllers/nodescan_controller.go:527.2,527.38 1 0
gitlab.tooling.cloudgouv-eu-west-1.numspot.internal/platform-iac/clamav-operator/controllers/nodescan_controller.go:527.38,530.3 2 0
gitlab.tooling.cloudgouv-eu-west-1.numspot.internal/platform-iac/clamav-operator/controllers/nodescan_controller.go:533.2,539.30 5 0
gitlab.tooling.cloudgouv-eu-west-1.numspot.internal/platform-iac/clamav-operator/controllers/nodescan_controller.go:539.30,541.3 1 0
gitlab.tooling.cloudgouv-eu-west-1.numspot.internal/platform-iac/clamav-operator/controllers/nodescan_controller.go:541.8,543.3 1 0
gitlab.tooling.cloudgouv-eu-west-1.numspot.internal/platform-iac/clamav-operator/controllers/nodescan_controller.go:545.2,545.12 1 0
gitlab.tooling.cloudgouv-eu-west-1.numspot.internal/platform-iac/clamav-operator/controllers/nodescan_controller.go:550.113,566.47 6 0
gitlab.tooling.cloudgouv-eu-west-1.numspot.internal/platform-iac/clamav-operator/controllers/nodescan_controller.go:566.47,567.30 1 0
gitlab.tooling.cloudgouv-eu-west-1.numspot.internal/platform-iac/clamav-operator/controllers/nodescan_controller.go:567.30,568.26 1 0
gitlab.tooling.cloudgouv-eu-west-1.numspot.internal/platform-iac/clamav-operator/controllers/nodescan_controller.go:568.26,570.5 1 0
gitlab.tooling.cloudgouv-eu-west-1.numspot.internal/platform-iac/clamav-operator/controllers/nodescan_controller.go:571.4,572.9 2 0
gitlab.tooling.cloudgouv-eu-west-1.numspot.internal/platform-iac/clamav-operator/controllers/nodescan_controller.go:575.2,575.12 1 0
gitlab.tooling.cloudgouv-eu-west-1.numspot.internal/platform-iac/clamav-operator/controllers/nodescan_controller.go:575.12,577.3 1 0
gitlab.tooling.cloudgouv-eu-west-1.numspot.internal/platform-iac/clamav-operator/controllers/nodescan_controller.go:579.2,579.41 1 0
gitlab.tooling.cloudgouv-eu-west-1.numspot.internal/platform-iac/clamav-operator/controllers/nodescan_controller.go:583.108,588.2 4 0
gitlab.tooling.cloudgouv-eu-west-1.numspot.internal/platform-iac/clamav-operator/controllers/nodescan_controller.go:591.108,593.35 1 0
gitlab.tooling.cloudgouv-eu-west-1.numspot.internal/platform-iac/clamav-operator/controllers/nodescan_controller.go:593.35,600.133 2 0
gitlab.tooling.cloudgouv-eu-west-1.numspot.internal/platform-iac/clamav-operator/controllers/nodescan_controller.go:600.133,602.4 1 0
gitlab.tooling.cloudgouv-eu-west-1.numspot.internal/platform-iac/clamav-operator/controllers/nodescan_controller.go:604.2,604.12 1 0
gitlab.tooling.cloudgouv-eu-west-1.numspot.internal/platform-iac/clamav-operator/controllers/nodescan_controller.go:608.71,613.2 1 0
gitlab.tooling.cloudgouv-eu-west-1.numspot.internal/platform-iac/clamav-operator/controllers/notifications.go:38.143,41.42 2 0
gitlab.tooling.cloudgouv-eu-west-1.numspot.internal/platform-iac/clamav-operator/controllers/notifications.go:41.42,43.3 1 0
gitlab.tooling.cloudgouv-eu-west-1.numspot.internal/platform-iac/clamav-operator/controllers/notifications.go:46.2,46.95 1 0
gitlab.tooling.cloudgouv-eu-west-1.numspot.internal/platform-iac/clamav-operator/controllers/notifications.go:46.95,47.76 1 0
gitlab.tooling.cloudgouv-eu-west-1.numspot.internal/platform-iac/clamav-operator/controllers/notifications.go:47.76,51.4 2 0
gitlab.tooling.cloudgouv-eu-west-1.numspot.internal/platform-iac/clamav-operator/controllers/notifications.go:55.2,55.95 1 0
gitlab.tooling.cloudgouv-eu-west-1.numspot.internal/platform-iac/clamav-operator/controllers/notifications.go:55.95,56.76 1 0
gitlab.tooling.cloudgouv-eu-west-1.numspot.internal/platform-iac/clamav-operator/controllers/notifications.go:56.76,60.4 2 0
gitlab.tooling.cloudgouv-eu-west-1.numspot.internal/platform-iac/clamav-operator/controllers/notifications.go:64.2,64.50 1 0
gitlab.tooling.cloudgouv-eu-west-1.numspot.internal/platform-iac/clamav-operator/controllers/notifications.go:64.50,65.78 1 0
gitlab.tooling.cloudgouv-eu-west-1.numspot.internal/platform-iac/clamav-operator/controllers/notifications.go:65.78,69.4 2 0
gitlab.tooling.cloudgouv-eu-west-1.numspot.internal/platform-iac/clamav-operator/controllers/notifications.go:74.153,78.66 2 0
gitlab.tooling.cloudgouv-eu-west-1.numspot.internal/platform-iac/clamav-operator/controllers/notifications.go:78.66,80.3 1 0
gitlab.tooling.cloudgouv-eu-west-1.numspot.internal/platform-iac/clamav-operator/controllers/notifications.go:83.2,84.36 2 0
gitlab.tooling.cloudgouv-eu-west-1.numspot.internal/platform-iac/clamav-operator/controllers/notifications.go:84.36,89.26 2 0
gitlab.tooling.cloudgouv-eu-west-1.numspot.internal/platform-iac/clamav-operator/controllers/notifications.go:89.26,91.4 1 0
gitlab.tooling.cloudgouv-eu-west-1.numspot.internal/platform-iac/clamav-operator/controllers/notifications.go:92.3,92.64 1 0
gitlab.tooling.cloudgouv-eu-west-1.numspot.internal/platform-iac/clamav-operator/controllers/notifications.go:95.2,95.22 1 0
gitlab.tooling.cloudgouv-eu-west-1.numspot.internal/platform-iac/clamav-operator/controllers/notifications.go:95.22,97.3 1 0
gitlab.tooling.cloudgouv-eu-west-1.numspot.internal/platform-iac/clamav-operator/controllers/notifications.go:100.2,102.39 3 0
gitlab.tooling.cloudgouv-eu-west-1.numspot.internal/platform-iac/clamav-operator/controllers/notifications.go:102.39,105.3 2 0
gitlab.tooling.cloudgouv-eu-west-1.numspot.internal/platform-iac/clamav-operator/controllers/notifications.go:107.2,136.39 2 0
gitlab.tooling.cloudgouv-eu-west-1.numspot.internal/platform-iac/clamav-operator/controllers/notifications.go:136.39,138.51 2 0
gitlab.tooling.cloudgouv-eu-west-1.numspot.internal/platform-iac/clamav-operator/controllers/notifications.go:138.51,139.15 1 0
gitlab.tooling.cloudgouv-eu-west-1.numspot.internal/platform-iac/clamav-operator/controllers/notifications.go:139.15,141.10 2 0
gitlab.tooling.cloudgouv-eu-west-1.numspot.internal/platform-iac/clamav-operator/controllers/notifications.go:143.4,143.108 1 0
gitlab.tooling.cloudgouv-eu-west-1.numspot.internal/platform-iac/clamav-operator/controllers/notifications.go:146.3,150.5 1 0
gitlab.tooling.cloudgouv-eu-west-1.numspot.internal/platform-iac/clamav-operator/controllers/notifications.go:153.2,170.16 3 0
gitlab.tooling.cloudgouv-eu-west-1.numspot.internal/platform-iac/clamav-operator/controllers/notifications.go:170.16,172.3 1 0
gitlab.tooling.cloudgouv-eu-west-1.numspot.internal/platform-iac/clamav-operator/controllers/notifications.go:174.2,175.16 2 0
gitlab.tooling.cloudgouv-eu-west-1.numspot.internal/platform-iac/clamav-operator/controllers/notifications.go:175.16,177.3 1 0
gitlab.tooling.cloudgouv-eu-west-1.numspot.internal/platform-iac/clamav-operator/controllers/notifications.go:178.2,180.38 2 0
gitlab.tooling.cloudgouv-eu-west-1.numspot.internal/platform-iac/clamav-operator/controllers/notifications.go:180.38,182.3 1 0
gitlab.tooling.cloudgouv-eu-west-1.numspot.internal/platform-iac/clamav-operator/controllers/notifications.go:184.2,184.12 1 0
gitlab.tooling.cloudgouv-eu-west-1.numspot.internal/platform-iac/clamav-operator/controllers/notifications.go:188.153,192.66 2 0
gitlab.tooling.cloudgouv-eu-west-1.numspot.internal/platform-iac/clamav-operator/controllers/notifications.go:192.66,194.3 1 0
gitlab.tooling.cloudgouv-eu-west-1.numspot.internal/platform-iac/clamav-operator/controllers/notifications.go:197.2,198.37 2 0
gitlab.tooling.cloudgouv-eu-west-1.numspot.internal/platform-iac/clamav-operator/controllers/notifications.go:198.37,203.26 2 0
gitlab.tooling.cloudgouv-eu-west-1.numspot.internal/platform-iac/clamav-operator/controllers/notifications.go:203.26,205.4 1 0
gitlab.tooling.cloudgouv-eu-west-1.numspot.internal/platform-iac/clamav-operator/controllers/notifications.go:206.3,207.45 2 0
gitlab.tooling.cloudgouv-eu-west-1.numspot.internal/platform-iac/clamav-operator/controllers/notifications.go:211.2,212.39 2 0
gitlab.tooling.cloudgouv-eu-west-1.numspot.internal/platform-iac/clamav-operator/controllers/notifications.go:212.39,214.3 1 0
gitlab.tooling.cloudgouv-eu-west-1.numspot.internal/platform-iac/clamav-operator/controllers/notifications.go:216.2,236.39 18 0
gitlab.tooling.cloudgouv-eu-west-1.numspot.internal/platform-iac/clamav-operator/controllers/notifications.go:236.39,239.51 3 0
gitlab.tooling.cloudgouv-eu-west-1.numspot.internal/platform-iac/clamav-operator/controllers/notifications.go:239.51,244.4 4 0
gitlab.tooling.cloudgouv-eu-west-1.numspot.internal/platform-iac/clamav-operator/controllers/notifications.go:245.8,248.3 2 0
gitlab.tooling.cloudgouv-eu-west-1.numspot.internal/platform-iac/clamav-operator/controllers/notifications.go:250.2,278.16 10 0
gitlab.tooling.cloudgouv-eu-west-1.numspot.internal/platform-iac/clamav-operator/controllers/notifications.go:278.16,287.17 2 0
gitlab.tooling.cloudgouv-eu-west-1.numspot.internal/platform-iac/clamav-operator/controllers/notifications.go:287.17,289.4 1 0
gitlab.tooling.cloudgouv-eu-west-1.numspot.internal/platform-iac/clamav-operator/controllers/notifications.go:290.8,294.17 3 0
gitlab.tooling.cloudgouv-eu-west-1.numspot.internal/platform-iac/clamav-operator/controllers/notifications.go:294.17,296.4 1 0
gitlab.tooling.cloudgouv-eu-west-1.numspot.internal/platform-iac/clamav-operator/controllers/notifications.go:298.3,298.42 1 0
gitlab.tooling.cloudgouv-eu-west-1.numspot.internal/platform-iac/clamav-operator/controllers/notifications.go:298.42,300.4 1 0
gitlab.tooling.cloudgouv-eu-west-1.numspot.internal/platform-iac/clamav-operator/controllers/notifications.go:302.3,302.49 1 0
gitlab.tooling.cloudgouv-eu-west-1.numspot.internal/platform-iac/clamav-operator/controllers/notifications.go:302.49,304.4 1 0
gitlab.tooling.cloudgouv-eu-west-1.numspot.internal/platform-iac/clamav-operator/controllers/notifications.go:306.3,306.47 1 0
gitlab.tooling.cloudgouv-eu-west-1.numspot.internal/platform-iac/clamav-operator/controllers/notifications.go:306.47,307.48 1 0
gitlab.tooling.cloudgouv-eu-west-1.numspot.internal/platform-iac/clamav-operator/controllers/notifications.go:307.48,309.5 1 0
gitlab.tooling.cloudgouv-eu-west-1.numspot.internal/platform-iac/clamav-operator/controllers/notifications.go:312.3,313.17 2 0
gitlab.tooling.cloudgouv-eu-west-1.numspot.internal/platform-iac/clamav-operator/controllers/notifications.go:313.17,315.4 1 0
gitlab.tooling.cloudgouv-eu-west-1.numspot.internal/platform-iac/clamav-operator/controllers/notifications.go:317.3,318.17 2 0
gitlab.tooling.cloudgouv-eu-west-1.numspot.internal/platform-iac/clamav-operator/controllers/notifications.go:318.17,320.4 1 0
gitlab.tooling.cloudgouv-eu-west-1.numspot.internal/platform-iac/clamav-operator/controllers/notifications.go:322.3,323.17 2 0
gitlab.tooling.cloudgouv-eu-west-1.numspot.internal/platform-iac/clamav-operator/controllers/notifications.go:323.17,325.4 1 0
gitlab.tooling.cloudgouv-eu-west-1.numspot.internal/platform-iac/clamav-operator/controllers/notifications.go:327.3,327.16 1 0
gitlab.tooling.cloudgouv-eu-west-1.numspot.internal/platform-iac/clamav-operator/controllers/notifications.go:330.2,330.12 1 0
gitlab.tooling.cloudgouv-eu-west-1.numspot.internal/platform-iac/clamav-operator/controllers/notifications.go:334.155,338.66 2 0
gitlab.tooling.cloudgouv-eu-west-1.numspot.internal/platform-iac/clamav-operator/controllers/notifications.go:338.66,340.3 1 0
gitlab.tooling.cloudgouv-eu-west-1.numspot.internal/platform-iac/clamav-operator/controllers/notifications.go:343.2,361.39 2 0
gitlab.tooling.cloudgouv-eu-west-1.numspot.internal/platform-iac/clamav-operator/controllers/notifications.go:361.39,363.51 2 0
gitlab.tooling.cloudgouv-eu-west-1.numspot.internal/platform-iac/clamav-operator/controllers/notifications.go:363.51,369.4 1 0
gitlab.tooling.cloudgouv-eu-west-1.numspot.internal/platform-iac/clamav-operator/controllers/notifications.go:370.3,371.35 2 0
gitlab.tooling.cloudgouv-eu-west-1.numspot.internal/platform-iac/clamav-operator/controllers/notifications.go:372.8,374.3 1 0
gitlab.tooling.cloudgouv-eu-west-1.numspot.internal/platform-iac/clamav-operator/controllers/notifications.go:376.2,377.16 2 0
gitlab.tooling.cloudgouv-eu-west-1.numspot.internal/platform-iac/clamav-operator/controllers/notifications.go:377.16,379.3 1 0
gitlab.tooling.cloudgouv-eu-west-1.numspot.internal/platform-iac/clamav-operator/controllers/notifications.go:382.2,383.16 2 0
gitlab.tooling.cloudgouv-eu-west-1.numspot.internal/platform-iac/clamav-operator/controllers/notifications.go:383.16,385.3 1 0
gitlab.tooling.cloudgouv-eu-west-1.numspot.internal/platform-iac/clamav-operator/controllers/notifications.go:387.2,391.41 3 0
gitlab.tooling.cloudgouv-eu-west-1.numspot.internal/platform-iac/clamav-operator/controllers/notifications.go:391.41,393.3 1 0
gitlab.tooling.cloudgouv-eu-west-1.numspot.internal/platform-iac/clamav-operator/controllers/notifications.go:396.2,396.29 1 0
gitlab.tooling.cloudgouv-eu-west-1.numspot.internal/platform-iac/clamav-operator/controllers/notifications.go:396.29,401.26 2 0
gitlab.tooling.cloudgouv-eu-west-1.numspot.internal/platform-iac/clamav-operator/controllers/notifications.go:401.26,403.4 1 0
gitlab.tooling.cloudgouv-eu-west-1.numspot.internal/platform-iac/clamav-operator/controllers/notifications.go:405.3,405.39 1 0
gitlab.tooling.cloudgouv-eu-west-1.numspot.internal/platform-iac/clamav-operator/controllers/notifications.go:405.39,407.4 1 0
gitlab.tooling.cloudgouv-eu-west-1.numspot.internal/platform-iac/clamav-operator/controllers/notifications.go:411.2,420.16 3 0
gitlab.tooling.cloudgouv-eu-west-1.numspot.internal/platform-iac/clamav-operator/controllers/notifications.go:420.16,422.3 1 0
gitlab.tooling.cloudgouv-eu-west-1.numspot.internal/platform-iac/clamav-operator/controllers/notifications.go:423.2,425.53 2 0
gitlab.tooling.cloudgouv-eu-west-1.numspot.internal/platform-iac/clamav-operator/controllers/notifications.go:425.53,427.3 1 0
gitlab.tooling.cloudgouv-eu-west-1.numspot.internal/platform-iac/clamav-operator/controllers/notifications.go:429.2,429.12 1 0
gitlab.tooling.cloudgouv-eu-west-1.numspot.internal/platform-iac/clamav-operator/controllers/scanschedule_controller.go:37.104,41.70 3 0
gitlab.tooling.cloudgouv-eu-west-1.numspot.internal/platform-iac/clamav-operator/controllers/scanschedule_controller.go:41.70,42.29 1 0
gitlab.tooling.cloudgouv-eu-west-1.numspot.internal/platform-iac/clamav-operator/controllers/scanschedule_controller.go:42.29,44.4 1 0
gitlab.tooling.cloudgouv-eu-west-1.numspot.internal/platform-iac/clamav-operator/controllers/scanschedule_controller.go:45.3,45.28 1 0
gitlab.tooling.cloudgouv-eu-west-1.numspot.internal/platform-iac/clamav-operator/controllers/scanschedule_controller.go:49.2,50.16 2 0
gitlab.tooling.cloudgouv-eu-west-1.numspot.internal/platform-iac/clamav-operator/controllers/scanschedule_controller.go:50.16,53.3 2 0
gitlab.tooling.cloudgouv-eu-west-1.numspot.internal/platform-iac/clamav-operator/controllers/scanschedule_controller.go:55.2,65.31 5 0
gitlab.tooling.cloudgouv-eu-west-1.numspot.internal/platform-iac/clamav-operator/controllers/scanschedule_controller.go:65.31,67.63 2 0
gitlab.tooling.cloudgouv-eu-west-1.numspot.internal/platform-iac/clamav-operator/controllers/scanschedule_controller.go:67.63,69.4 1 0
gitlab.tooling.cloudgouv-eu-west-1.numspot.internal/platform-iac/clamav-operator/controllers/scanschedule_controller.go:70.3,70.61 1 0
gitlab.tooling.cloudgouv-eu-west-1.numspot.internal/platform-iac/clamav-operator/controllers/scanschedule_controller.go:74.2,75.49 2 0
gitlab.tooling.cloudgouv-eu-west-1.numspot.internal/platform-iac/clamav-operator/controllers/scanschedule_controller.go:75.49,77.3 1 0
gitlab.tooling.cloudgouv-eu-west-1.numspot.internal/platform-iac/clamav-operator/controllers/scanschedule_controller.go:77.8,80.52 3 0
gitlab.tooling.cloudgouv-eu-west-1.numspot.internal/platform-iac/clamav-operator/controllers/scanschedule_controller.go:80.52,82.4 1 0
gitlab.tooling.cloudgouv-eu-west-1.numspot.internal/platform-iac/clamav-operator/controllers/scanschedule_controller.go:85.2,85.14 1 0
gitlab.tooling.cloudgouv-eu-west-1.numspot.internal/platform-iac/clamav-operator/controllers/scanschedule_controller.go:85.14,87.93 1 0
gitlab.tooling.cloudgouv-eu-west-1.numspot.internal/platform-iac/clamav-operator/controllers/scanschedule_controller.go:87.93,90.4 2 0
gitlab.tooling.cloudgouv-eu-west-1.numspot.internal/platform-iac/clamav-operator/controllers/scanschedule_controller.go:90.9,90.101 1 0
gitlab.tooling.cloudgouv-eu-west-1.numspot.internal/platform-iac/clamav-operator/controllers/scanschedule_controller.go:90.101,92.51 1 0
gitlab.tooling.cloudgouv-eu-west-1.numspot.internal/platform-iac/clamav-operator/controllers/scanschedule_controller.go:92.51,94.102 2 0
gitlab.tooling.cloudgouv-eu-west-1.numspot.internal/platform-iac/clamav-operator/controllers/scanschedule_controller.go:94.102,96.6 1 0
gitlab.tooling.cloudgouv-eu-west-1.numspot.internal/platform-iac/clamav-operator/controllers/scanschedule_controller.go:98.4,98.59 1 0
gitlab.tooling.cloudgouv-eu-west-1.numspot.internal/platform-iac/clamav-operator/controllers/scanschedule_controller.go:102.2,102.14 1 0
gitlab.tooling.cloudgouv-eu-west-1.numspot.internal/platform-iac/clamav-operator/controllers/scanschedule_controller.go:102.14,115.52 2 0
gitlab.tooling.cloudgouv-eu-west-1.numspot.internal/platform-iac/clamav-operator/controllers/scanschedule_controller.go:115.52,120.4 3 0
gitlab.tooling.cloudgouv-eu-west-1.numspot.internal/platform-iac/clamav-operator/controllers/scanschedule_controller.go:123.3,134.79 5 0
gitlab.tooling.cloudgouv-eu-west-1.numspot.internal/platform-iac/clamav-operator/controllers/scanschedule_controller.go:138.2,138.61 1 0
gitlab.tooling.cloudgouv-eu-west-1.numspot.internal/platform-iac/clamav-operator/controllers/scanschedule_controller.go:138.61,140.3 1 0
gitlab.tooling.cloudgouv-eu-west-1.numspot.internal/platform-iac/clamav-operator/controllers/scanschedule_controller.go:142.2,142.62 1 0
gitlab.tooling.cloudgouv-eu-west-1.numspot.internal/platform-iac/clamav-operator/controllers/scanschedule_controller.go:142.62,144.3 1 0
gitlab.tooling.cloudgouv-eu-west-1.numspot.internal/platform-iac/clamav-operator/controllers/scanschedule_controller.go:146.2,146.60 1 0
gitlab.tooling.cloudgouv-eu-west-1.numspot.internal/platform-iac/clamav-operator/controllers/scanschedule_controller.go:149.119,153.97 2 0
gitlab.tooling.cloudgouv-eu-west-1.numspot.internal/platform-iac/clamav-operator/controllers/scanschedule_controller.go:153.97,155.3 1 0
gitlab.tooling.cloudgouv-eu-west-1.numspot.internal/platform-iac/clamav-operator/controllers/scanschedule_controller.go:158.2,161.40 3 0
gitlab.tooling.cloudgouv-eu-west-1.numspot.internal/platform-iac/clamav-operator/controllers/scanschedule_controller.go:161.40,162.26 1 0
gitlab.tooling.cloudgouv-eu-west-1.numspot.internal/platform-iac/clamav-operator/controllers/scanschedule_controller.go:163.49,164.39 1 0
gitlab.tooling.cloudgouv-eu-west-1.numspot.internal/platform-iac/clamav-operator/controllers/scanschedule_controller.go:165.96,166.31 1 0
gitlab.tooling.cloudgouv-eu-west-1.numspot.internal/platform-iac/clamav-operator/controllers/scanschedule_controller.go:167.11,171.6 1 0
gitlab.tooling.cloudgouv-eu-west-1.numspot.internal/platform-iac/clamav-operator/controllers/scanschedule_controller.go:176.2,180.58 3 0
gitlab.tooling.cloudgouv-eu-west-1.numspot.internal/platform-iac/clamav-operator/controllers/scanschedule_controller.go:180.58,182.3 1 0
gitlab.tooling.cloudgouv-eu-west-1.numspot.internal/platform-iac/clamav-operator/controllers/scanschedule_controller.go:183.2,183.41 1 0
gitlab.tooling.cloudgouv-eu-west-1.numspot.internal/platform-iac/clamav-operator/controllers/scanschedule_controller.go:183.41,185.58 1 0
gitlab.tooling.cloudgouv-eu-west-1.numspot.internal/platform-iac/clamav-operator/controllers/scanschedule_controller.go:185.58,186.83 1 0
gitlab.tooling.cloudgouv-eu-west-1.numspot.internal/platform-iac/clamav-operator/controllers/scanschedule_controller.go:186.83,188.5 1 0
gitlab.tooling.cloudgouv-eu-west-1.numspot.internal/platform-iac/clamav-operator/controllers/scanschedule_controller.go:193.2,194.54 2 0
gitlab.tooling.cloudgouv-eu-west-1.numspot.internal/platform-iac/clamav-operator/controllers/scanschedule_controller.go:194.54,196.3 1 0
gitlab.tooling.cloudgouv-eu-west-1.numspot.internal/platform-iac/clamav-operator/controllers/scanschedule_controller.go:197.2,197.36 1 0
gitlab.tooling.cloudgouv-eu-west-1.numspot.internal/platform-iac/clamav-operator/controllers/scanschedule_controller.go:197.36,198.53 1 0
gitlab.tooling.cloudgouv-eu-west-1.numspot.internal/platform-iac/clamav-operator/controllers/scanschedule_controller.go:198.53,199.79 1 0
gitlab.tooling.cloudgouv-eu-west-1.numspot.internal/platform-iac/clamav-operator/controllers/scanschedule_controller.go:199.79,201.5 1 0
gitlab.tooling.cloudgouv-eu-west-1.numspot.internal/platform-iac/clamav-operator/controllers/scanschedule_controller.go:206.2,206.25 1 0
gitlab.tooling.cloudgouv-eu-west-1.numspot.internal/platform-iac/clamav-operator/controllers/scanschedule_controller.go:206.25,208.50 2 0
gitlab.tooling.cloudgouv-eu-west-1.numspot.internal/platform-iac/clamav-operator/controllers/scanschedule_controller.go:208.50,210.4 1 0
gitlab.tooling.cloudgouv-eu-west-1.numspot.internal/platform-iac/clamav-operator/controllers/scanschedule_controller.go:213.2,213.12 1 0
gitlab.tooling.cloudgouv-eu-west-1.numspot.internal/platform-iac/clamav-operator/controllers/scanschedule_controller.go:216.75,221.2 1 0
gitlab.tooling.cloudgouv-eu-west-1.numspot.internal/platform-iac/clamav-operator/cmd/manager/main.go:47.13,52.2 2 0
gitlab.tooling.cloudgouv-eu-west-1.numspot.internal/platform-iac/clamav-operator/cmd/manager/main.go:54.13,97.16 19 0
gitlab.tooling.cloudgouv-eu-west-1.numspot.internal/platform-iac/clamav-operator/cmd/manager/main.go:97.16,100.3 2 0
gitlab.tooling.cloudgouv-eu-west-1.numspot.internal/platform-iac/clamav-operator/cmd/manager/main.go:103.2,104.16 2 0
gitlab.tooling.cloudgouv-eu-west-1.numspot.internal/platform-iac/clamav-operator/cmd/manager/main.go:104.16,107.3 2 0
gitlab.tooling.cloudgouv-eu-west-1.numspot.internal/platform-iac/clamav-operator/cmd/manager/main.go:110.2,118.39 1 0
gitlab.tooling.cloudgouv-eu-west-1.numspot.internal/platform-iac/clamav-operator/cmd/manager/main.go:118.39,121.3 2 0
gitlab.tooling.cloudgouv-eu-west-1.numspot.internal/platform-iac/clamav-operator/cmd/manager/main.go:123.2,127.39 1 0
gitlab.tooling.cloudgouv-eu-west-1.numspot.internal/platform-iac/clamav-operator/cmd/manager/main.go:127.39,130.3 2 0
gitlab.tooling.cloudgouv-eu-west-1.numspot.internal/platform-iac/clamav-operator/cmd/manager/main.go:132.2,136.39 1 0
gitlab.tooling.cloudgouv-eu-west-1.numspot.internal/platform-iac/clamav-operator/cmd/manager/main.go:136.39,139.3 2 0
gitlab.tooling.cloudgouv-eu-west-1.numspot.internal/platform-iac/clamav-operator/cmd/manager/main.go:142.2,142.81 1 0
gitlab.tooling.cloudgouv-eu-west-1.numspot.internal/platform-iac/clamav-operator/cmd/manager/main.go:142.81,145.3 2 0
gitlab.tooling.cloudgouv-eu-west-1.numspot.internal/platform-iac/clamav-operator/cmd/manager/main.go:146.2,146.84 1 0
gitlab.tooling.cloudgouv-eu-west-1.numspot.internal/platform-iac/clamav-operator/cmd/manager/main.go:146.84,149.3 2 0
gitlab.tooling.cloudgouv-eu-west-1.numspot.internal/platform-iac/clamav-operator/cmd/manager/main.go:152.2,152.69 1 0
gitlab.tooling.cloudgouv-eu-west-1.numspot.internal/platform-iac/clamav-operator/cmd/manager/main.go:152.69,155.3 2 0
gitlab.tooling.cloudgouv-eu-west-1.numspot.internal/platform-iac/clamav-operator/cmd/manager/main.go:156.2,156.67 1 0
gitlab.tooling.cloudgouv-eu-west-1.numspot.internal/platform-iac/clamav-operator/cmd/manager/main.go:156.67,159.3 2 0
gitlab.tooling.cloudgouv-eu-west-1.numspot.internal/platform-iac/clamav-operator/cmd/manager/main.go:161.2,162.61 2 0
gitlab.tooling.cloudgouv-eu-west-1.numspot.internal/platform-iac/clamav-operator/cmd/manager/main.go:162.61,165.3 2 0
